{"C:\\Users\\wills\\Documents\\GitHub\\sr10\\Projet\\myapp\\app.js": {"path":"C:\\Users\\wills\\Documents\\GitHub\\sr10\\Projet\\myapp\\app.js","statementMap":{"0":{"start":{"line":1,"column":9},"end":{"line":1,"column":24}},"1":{"start":{"line":2,"column":18},"end":{"line":2,"column":40}},"2":{"start":{"line":3,"column":14},"end":{"line":3,"column":32}},"3":{"start":{"line":4,"column":11},"end":{"line":4,"column":26}},"4":{"start":{"line":5,"column":19},"end":{"line":5,"column":43}},"5":{"start":{"line":6,"column":13},"end":{"line":6,"column":30}},"6":{"start":{"line":8,"column":18},"end":{"line":8,"column":43}},"7":{"start":{"line":9,"column":21},"end":{"line":9,"column":49}},"8":{"start":{"line":10,"column":18},"end":{"line":10,"column":43}},"9":{"start":{"line":11,"column":22},"end":{"line":11,"column":51}},"10":{"start":{"line":12,"column":16},"end":{"line":12,"column":39}},"11":{"start":{"line":14,"column":10},"end":{"line":14,"column":19}},"12":{"start":{"line":16,"column":17},"end":{"line":16,"column":39}},"13":{"start":{"line":18,"column":14},"end":{"line":18,"column":40}},"14":{"start":{"line":20,"column":0},"end":{"line":20,"column":16}},"15":{"start":{"line":22,"column":0},"end":{"line":30,"column":4}},"16":{"start":{"line":32,"column":0},"end":{"line":37,"column":3}},"17":{"start":{"line":33,"column":2},"end":{"line":36,"column":5}},"18":{"start":{"line":34,"column":4},"end":{"line":34,"column":23}},"19":{"start":{"line":34,"column":13},"end":{"line":34,"column":23}},"20":{"start":{"line":35,"column":4},"end":{"line":35,"column":22}},"21":{"start":{"line":48,"column":0},"end":{"line":48,"column":48}},"22":{"start":{"line":49,"column":0},"end":{"line":49,"column":30}},"23":{"start":{"line":51,"column":0},"end":{"line":51,"column":23}},"24":{"start":{"line":52,"column":0},"end":{"line":52,"column":24}},"25":{"start":{"line":53,"column":0},"end":{"line":53,"column":49}},"26":{"start":{"line":54,"column":0},"end":{"line":54,"column":24}},"27":{"start":{"line":55,"column":0},"end":{"line":55,"column":56}},"28":{"start":{"line":57,"column":0},"end":{"line":57,"column":54}},"29":{"start":{"line":59,"column":0},"end":{"line":59,"column":26}},"30":{"start":{"line":61,"column":0},"end":{"line":61,"column":37}},"31":{"start":{"line":62,"column":0},"end":{"line":62,"column":31}},"32":{"start":{"line":63,"column":0},"end":{"line":63,"column":39}},"33":{"start":{"line":64,"column":0},"end":{"line":64,"column":27}},"34":{"start":{"line":66,"column":0},"end":{"line":66,"column":51}},"35":{"start":{"line":70,"column":0},"end":{"line":72,"column":3}},"36":{"start":{"line":71,"column":2},"end":{"line":71,"column":25}},"37":{"start":{"line":75,"column":0},"end":{"line":83,"column":3}},"38":{"start":{"line":77,"column":2},"end":{"line":77,"column":35}},"39":{"start":{"line":78,"column":2},"end":{"line":78,"column":69}},"40":{"start":{"line":81,"column":2},"end":{"line":81,"column":32}},"41":{"start":{"line":82,"column":2},"end":{"line":82,"column":22}},"42":{"start":{"line":85,"column":0},"end":{"line":85,"column":21}}},"fnMap":{"0":{"name":"(anonymous_0)","decl":{"start":{"line":32,"column":24},"end":{"line":32,"column":25}},"loc":{"start":{"line":32,"column":43},"end":{"line":37,"column":1}},"line":32},"1":{"name":"(anonymous_1)","decl":{"start":{"line":33,"column":22},"end":{"line":33,"column":23}},"loc":{"start":{"line":33,"column":36},"end":{"line":36,"column":3}},"line":33},"2":{"name":"(anonymous_2)","decl":{"start":{"line":70,"column":8},"end":{"line":70,"column":9}},"loc":{"start":{"line":70,"column":33},"end":{"line":72,"column":1}},"line":70},"3":{"name":"(anonymous_3)","decl":{"start":{"line":75,"column":8},"end":{"line":75,"column":9}},"loc":{"start":{"line":75,"column":38},"end":{"line":83,"column":1}},"line":75}},"branchMap":{"0":{"loc":{"start":{"line":34,"column":4},"end":{"line":34,"column":23}},"type":"if","locations":[{"start":{"line":34,"column":4},"end":{"line":34,"column":23}},{"start":{},"end":{}}],"line":34},"1":{"loc":{"start":{"line":78,"column":21},"end":{"line":78,"column":68}},"type":"cond-expr","locations":[{"start":{"line":78,"column":60},"end":{"line":78,"column":63}},{"start":{"line":78,"column":66},"end":{"line":78,"column":68}}],"line":78},"2":{"loc":{"start":{"line":81,"column":13},"end":{"line":81,"column":30}},"type":"binary-expr","locations":[{"start":{"line":81,"column":13},"end":{"line":81,"column":23}},{"start":{"line":81,"column":27},"end":{"line":81,"column":30}}],"line":81}},"s":{"0":1,"1":1,"2":1,"3":1,"4":1,"5":1,"6":1,"7":1,"8":1,"9":1,"10":1,"11":1,"12":1,"13":1,"14":1,"15":1,"16":1,"17":1,"18":1,"19":0,"20":1,"21":1,"22":1,"23":1,"24":1,"25":1,"26":1,"27":1,"28":1,"29":1,"30":1,"31":1,"32":1,"33":1,"34":1,"35":1,"36":0,"37":1,"38":0,"39":0,"40":0,"41":0,"42":1},"f":{"0":1,"1":1,"2":0,"3":0},"b":{"0":[0,1],"1":[0,0],"2":[0,0]},"_coverageSchema":"1a1c01bbd47fc00a2c39e90264f33305004495a9","hash":"31583b7c3aa557413274abfe455049c7107c0b88"}
,"C:\\Users\\wills\\Documents\\GitHub\\sr10\\Projet\\myapp\\model\\admin.js": {"path":"C:\\Users\\wills\\Documents\\GitHub\\sr10\\Projet\\myapp\\model\\admin.js","statementMap":{"0":{"start":{"line":1,"column":9},"end":{"line":1,"column":27}},"1":{"start":{"line":2,"column":0},"end":{"line":67,"column":1}},"2":{"start":{"line":4,"column":2},"end":{"line":8,"column":5}},"3":{"start":{"line":6,"column":3},"end":{"line":6,"column":22}},"4":{"start":{"line":6,"column":12},"end":{"line":6,"column":22}},"5":{"start":{"line":7,"column":3},"end":{"line":7,"column":21}},"6":{"start":{"line":11,"column":2},"end":{"line":14,"column":5}},"7":{"start":{"line":12,"column":3},"end":{"line":12,"column":22}},"8":{"start":{"line":12,"column":12},"end":{"line":12,"column":22}},"9":{"start":{"line":13,"column":3},"end":{"line":13,"column":21}},"10":{"start":{"line":17,"column":2},"end":{"line":20,"column":5}},"11":{"start":{"line":18,"column":3},"end":{"line":18,"column":22}},"12":{"start":{"line":18,"column":12},"end":{"line":18,"column":22}},"13":{"start":{"line":19,"column":3},"end":{"line":19,"column":21}},"14":{"start":{"line":23,"column":2},"end":{"line":26,"column":5}},"15":{"start":{"line":24,"column":3},"end":{"line":24,"column":22}},"16":{"start":{"line":24,"column":12},"end":{"line":24,"column":22}},"17":{"start":{"line":25,"column":3},"end":{"line":25,"column":21}},"18":{"start":{"line":29,"column":2},"end":{"line":32,"column":5}},"19":{"start":{"line":30,"column":3},"end":{"line":30,"column":22}},"20":{"start":{"line":30,"column":12},"end":{"line":30,"column":22}},"21":{"start":{"line":31,"column":3},"end":{"line":31,"column":21}},"22":{"start":{"line":35,"column":2},"end":{"line":38,"column":5}},"23":{"start":{"line":36,"column":3},"end":{"line":36,"column":22}},"24":{"start":{"line":36,"column":12},"end":{"line":36,"column":22}},"25":{"start":{"line":37,"column":3},"end":{"line":37,"column":21}},"26":{"start":{"line":41,"column":2},"end":{"line":44,"column":5}},"27":{"start":{"line":42,"column":3},"end":{"line":42,"column":22}},"28":{"start":{"line":42,"column":12},"end":{"line":42,"column":22}},"29":{"start":{"line":43,"column":3},"end":{"line":43,"column":21}},"30":{"start":{"line":47,"column":2},"end":{"line":50,"column":5}},"31":{"start":{"line":48,"column":3},"end":{"line":48,"column":22}},"32":{"start":{"line":48,"column":12},"end":{"line":48,"column":22}},"33":{"start":{"line":49,"column":3},"end":{"line":49,"column":21}},"34":{"start":{"line":53,"column":2},"end":{"line":53,"column":75}},"35":{"start":{"line":54,"column":2},"end":{"line":61,"column":5}},"36":{"start":{"line":55,"column":3},"end":{"line":55,"column":22}},"37":{"start":{"line":55,"column":12},"end":{"line":55,"column":22}},"38":{"start":{"line":56,"column":3},"end":{"line":60,"column":4}},"39":{"start":{"line":57,"column":4},"end":{"line":57,"column":18}},"40":{"start":{"line":59,"column":4},"end":{"line":59,"column":20}},"41":{"start":{"line":65,"column":2},"end":{"line":65,"column":15}}},"fnMap":{"0":{"name":"(anonymous_0)","decl":{"start":{"line":3,"column":7},"end":{"line":3,"column":8}},"loc":{"start":{"line":3,"column":33},"end":{"line":9,"column":2}},"line":3},"1":{"name":"(anonymous_1)","decl":{"start":{"line":4,"column":81},"end":{"line":4,"column":82}},"loc":{"start":{"line":5,"column":17},"end":{"line":8,"column":3}},"line":5},"2":{"name":"(anonymous_2)","decl":{"start":{"line":10,"column":10},"end":{"line":10,"column":11}},"loc":{"start":{"line":10,"column":30},"end":{"line":15,"column":2}},"line":10},"3":{"name":"(anonymous_3)","decl":{"start":{"line":11,"column":62},"end":{"line":11,"column":63}},"loc":{"start":{"line":11,"column":86},"end":{"line":14,"column":3}},"line":11},"4":{"name":"(anonymous_4)","decl":{"start":{"line":16,"column":14},"end":{"line":16,"column":15}},"loc":{"start":{"line":16,"column":34},"end":{"line":21,"column":2}},"line":16},"5":{"name":"(anonymous_5)","decl":{"start":{"line":17,"column":86},"end":{"line":17,"column":87}},"loc":{"start":{"line":17,"column":110},"end":{"line":20,"column":3}},"line":17},"6":{"name":"(anonymous_6)","decl":{"start":{"line":22,"column":18},"end":{"line":22,"column":19}},"loc":{"start":{"line":22,"column":38},"end":{"line":27,"column":2}},"line":22},"7":{"name":"(anonymous_7)","decl":{"start":{"line":23,"column":90},"end":{"line":23,"column":91}},"loc":{"start":{"line":23,"column":114},"end":{"line":26,"column":3}},"line":23},"8":{"name":"(anonymous_8)","decl":{"start":{"line":28,"column":13},"end":{"line":28,"column":14}},"loc":{"start":{"line":28,"column":38},"end":{"line":33,"column":2}},"line":28},"9":{"name":"(anonymous_9)","decl":{"start":{"line":29,"column":80},"end":{"line":29,"column":81}},"loc":{"start":{"line":29,"column":104},"end":{"line":32,"column":3}},"line":29},"10":{"name":"(anonymous_10)","decl":{"start":{"line":34,"column":18},"end":{"line":34,"column":19}},"loc":{"start":{"line":34,"column":46},"end":{"line":39,"column":2}},"line":34},"11":{"name":"(anonymous_11)","decl":{"start":{"line":35,"column":86},"end":{"line":35,"column":87}},"loc":{"start":{"line":35,"column":110},"end":{"line":38,"column":3}},"line":35},"12":{"name":"(anonymous_12)","decl":{"start":{"line":40,"column":15},"end":{"line":40,"column":16}},"loc":{"start":{"line":40,"column":43},"end":{"line":45,"column":2}},"line":40},"13":{"name":"(anonymous_13)","decl":{"start":{"line":41,"column":86},"end":{"line":41,"column":87}},"loc":{"start":{"line":41,"column":110},"end":{"line":44,"column":3}},"line":41},"14":{"name":"(anonymous_14)","decl":{"start":{"line":46,"column":12},"end":{"line":46,"column":13}},"loc":{"start":{"line":46,"column":37},"end":{"line":51,"column":2}},"line":46},"15":{"name":"(anonymous_15)","decl":{"start":{"line":47,"column":80},"end":{"line":47,"column":81}},"loc":{"start":{"line":47,"column":104},"end":{"line":50,"column":3}},"line":47},"16":{"name":"(anonymous_16)","decl":{"start":{"line":52,"column":11},"end":{"line":52,"column":12}},"loc":{"start":{"line":52,"column":48},"end":{"line":62,"column":2}},"line":52},"17":{"name":"(anonymous_17)","decl":{"start":{"line":54,"column":29},"end":{"line":54,"column":30}},"loc":{"start":{"line":54,"column":53},"end":{"line":61,"column":3}},"line":54},"18":{"name":"(anonymous_18)","decl":{"start":{"line":63,"column":8},"end":{"line":63,"column":9}},"loc":{"start":{"line":63,"column":80},"end":{"line":66,"column":2}},"line":63}},"branchMap":{"0":{"loc":{"start":{"line":6,"column":3},"end":{"line":6,"column":22}},"type":"if","locations":[{"start":{"line":6,"column":3},"end":{"line":6,"column":22}},{"start":{},"end":{}}],"line":6},"1":{"loc":{"start":{"line":12,"column":3},"end":{"line":12,"column":22}},"type":"if","locations":[{"start":{"line":12,"column":3},"end":{"line":12,"column":22}},{"start":{},"end":{}}],"line":12},"2":{"loc":{"start":{"line":18,"column":3},"end":{"line":18,"column":22}},"type":"if","locations":[{"start":{"line":18,"column":3},"end":{"line":18,"column":22}},{"start":{},"end":{}}],"line":18},"3":{"loc":{"start":{"line":24,"column":3},"end":{"line":24,"column":22}},"type":"if","locations":[{"start":{"line":24,"column":3},"end":{"line":24,"column":22}},{"start":{},"end":{}}],"line":24},"4":{"loc":{"start":{"line":30,"column":3},"end":{"line":30,"column":22}},"type":"if","locations":[{"start":{"line":30,"column":3},"end":{"line":30,"column":22}},{"start":{},"end":{}}],"line":30},"5":{"loc":{"start":{"line":36,"column":3},"end":{"line":36,"column":22}},"type":"if","locations":[{"start":{"line":36,"column":3},"end":{"line":36,"column":22}},{"start":{},"end":{}}],"line":36},"6":{"loc":{"start":{"line":42,"column":3},"end":{"line":42,"column":22}},"type":"if","locations":[{"start":{"line":42,"column":3},"end":{"line":42,"column":22}},{"start":{},"end":{}}],"line":42},"7":{"loc":{"start":{"line":48,"column":3},"end":{"line":48,"column":22}},"type":"if","locations":[{"start":{"line":48,"column":3},"end":{"line":48,"column":22}},{"start":{},"end":{}}],"line":48},"8":{"loc":{"start":{"line":55,"column":3},"end":{"line":55,"column":22}},"type":"if","locations":[{"start":{"line":55,"column":3},"end":{"line":55,"column":22}},{"start":{},"end":{}}],"line":55},"9":{"loc":{"start":{"line":56,"column":3},"end":{"line":60,"column":4}},"type":"if","locations":[{"start":{"line":56,"column":3},"end":{"line":60,"column":4}},{"start":{"line":58,"column":10},"end":{"line":60,"column":4}}],"line":56},"10":{"loc":{"start":{"line":56,"column":7},"end":{"line":56,"column":51}},"type":"binary-expr","locations":[{"start":{"line":56,"column":7},"end":{"line":56,"column":23}},{"start":{"line":56,"column":27},"end":{"line":56,"column":51}}],"line":56}},"s":{"0":1,"1":1,"2":1,"3":1,"4":0,"5":1,"6":1,"7":1,"8":0,"9":1,"10":1,"11":1,"12":0,"13":1,"14":1,"15":1,"16":0,"17":1,"18":1,"19":1,"20":0,"21":1,"22":1,"23":1,"24":0,"25":1,"26":1,"27":1,"28":0,"29":1,"30":1,"31":1,"32":0,"33":1,"34":0,"35":0,"36":0,"37":0,"38":0,"39":0,"40":0,"41":0},"f":{"0":1,"1":1,"2":1,"3":1,"4":1,"5":1,"6":1,"7":1,"8":1,"9":1,"10":1,"11":1,"12":1,"13":1,"14":1,"15":1,"16":0,"17":0,"18":0},"b":{"0":[0,1],"1":[0,1],"2":[0,1],"3":[0,1],"4":[0,1],"5":[0,1],"6":[0,1],"7":[0,1],"8":[0,0],"9":[0,0],"10":[0,0]},"_coverageSchema":"1a1c01bbd47fc00a2c39e90264f33305004495a9","hash":"28646973928469923cf36ffc32d5b632dabeddf1"}
,"C:\\Users\\wills\\Documents\\GitHub\\sr10\\Projet\\myapp\\model\\ajoute.js": {"path":"C:\\Users\\wills\\Documents\\GitHub\\sr10\\Projet\\myapp\\model\\ajoute.js","statementMap":{"0":{"start":{"line":1,"column":9},"end":{"line":1,"column":27}},"1":{"start":{"line":2,"column":0},"end":{"line":21,"column":1}},"2":{"start":{"line":4,"column":8},"end":{"line":9,"column":11}},"3":{"start":{"line":5,"column":8},"end":{"line":7,"column":9}},"4":{"start":{"line":6,"column":12},"end":{"line":6,"column":33}},"5":{"start":{"line":8,"column":8},"end":{"line":8,"column":32}},"6":{"start":{"line":13,"column":8},"end":{"line":18,"column":11}},"7":{"start":{"line":14,"column":8},"end":{"line":16,"column":9}},"8":{"start":{"line":15,"column":12},"end":{"line":15,"column":33}},"9":{"start":{"line":17,"column":8},"end":{"line":17,"column":32}}},"fnMap":{"0":{"name":"(anonymous_0)","decl":{"start":{"line":3,"column":22},"end":{"line":3,"column":23}},"loc":{"start":{"line":3,"column":49},"end":{"line":10,"column":5}},"line":3},"1":{"name":"(anonymous_1)","decl":{"start":{"line":4,"column":132},"end":{"line":4,"column":133}},"loc":{"start":{"line":4,"column":156},"end":{"line":9,"column":9}},"line":4},"2":{"name":"(anonymous_2)","decl":{"start":{"line":12,"column":22},"end":{"line":12,"column":23}},"loc":{"start":{"line":12,"column":49},"end":{"line":19,"column":5}},"line":12},"3":{"name":"(anonymous_3)","decl":{"start":{"line":13,"column":131},"end":{"line":13,"column":132}},"loc":{"start":{"line":13,"column":155},"end":{"line":18,"column":9}},"line":13}},"branchMap":{"0":{"loc":{"start":{"line":5,"column":8},"end":{"line":7,"column":9}},"type":"if","locations":[{"start":{"line":5,"column":8},"end":{"line":7,"column":9}},{"start":{},"end":{}}],"line":5},"1":{"loc":{"start":{"line":14,"column":8},"end":{"line":16,"column":9}},"type":"if","locations":[{"start":{"line":14,"column":8},"end":{"line":16,"column":9}},{"start":{},"end":{}}],"line":14}},"s":{"0":1,"1":1,"2":0,"3":0,"4":0,"5":0,"6":0,"7":0,"8":0,"9":0},"f":{"0":0,"1":0,"2":0,"3":0},"b":{"0":[0,0],"1":[0,0]},"_coverageSchema":"1a1c01bbd47fc00a2c39e90264f33305004495a9","hash":"c1206bb9a57c0208b468239cfba875b4e93a03a9"}
,"C:\\Users\\wills\\Documents\\GitHub\\sr10\\Projet\\myapp\\model\\candidat.js": {"path":"C:\\Users\\wills\\Documents\\GitHub\\sr10\\Projet\\myapp\\model\\candidat.js","statementMap":{"0":{"start":{"line":1,"column":9},"end":{"line":1,"column":27}},"1":{"start":{"line":3,"column":0},"end":{"line":287,"column":1}},"2":{"start":{"line":5,"column":2},"end":{"line":9,"column":5}},"3":{"start":{"line":7,"column":3},"end":{"line":7,"column":22}},"4":{"start":{"line":7,"column":12},"end":{"line":7,"column":22}},"5":{"start":{"line":8,"column":3},"end":{"line":8,"column":21}},"6":{"start":{"line":12,"column":2},"end":{"line":15,"column":5}},"7":{"start":{"line":13,"column":3},"end":{"line":13,"column":22}},"8":{"start":{"line":13,"column":12},"end":{"line":13,"column":22}},"9":{"start":{"line":14,"column":3},"end":{"line":14,"column":21}},"10":{"start":{"line":19,"column":2},"end":{"line":22,"column":5}},"11":{"start":{"line":20,"column":3},"end":{"line":20,"column":21}},"12":{"start":{"line":20,"column":11},"end":{"line":20,"column":21}},"13":{"start":{"line":21,"column":3},"end":{"line":21,"column":21}},"14":{"start":{"line":25,"column":2},"end":{"line":28,"column":5}},"15":{"start":{"line":26,"column":3},"end":{"line":26,"column":22}},"16":{"start":{"line":26,"column":12},"end":{"line":26,"column":22}},"17":{"start":{"line":27,"column":3},"end":{"line":27,"column":21}},"18":{"start":{"line":31,"column":2},"end":{"line":34,"column":5}},"19":{"start":{"line":32,"column":3},"end":{"line":32,"column":22}},"20":{"start":{"line":32,"column":12},"end":{"line":32,"column":22}},"21":{"start":{"line":33,"column":3},"end":{"line":33,"column":21}},"22":{"start":{"line":37,"column":2},"end":{"line":40,"column":5}},"23":{"start":{"line":38,"column":3},"end":{"line":38,"column":22}},"24":{"start":{"line":38,"column":12},"end":{"line":38,"column":22}},"25":{"start":{"line":39,"column":3},"end":{"line":39,"column":21}},"26":{"start":{"line":43,"column":8},"end":{"line":47,"column":11}},"27":{"start":{"line":45,"column":12},"end":{"line":45,"column":31}},"28":{"start":{"line":45,"column":21},"end":{"line":45,"column":31}},"29":{"start":{"line":46,"column":12},"end":{"line":46,"column":30}},"30":{"start":{"line":50,"column":2},"end":{"line":53,"column":5}},"31":{"start":{"line":51,"column":3},"end":{"line":51,"column":22}},"32":{"start":{"line":51,"column":12},"end":{"line":51,"column":22}},"33":{"start":{"line":52,"column":3},"end":{"line":52,"column":21}},"34":{"start":{"line":56,"column":2},"end":{"line":59,"column":5}},"35":{"start":{"line":57,"column":3},"end":{"line":57,"column":22}},"36":{"start":{"line":57,"column":12},"end":{"line":57,"column":22}},"37":{"start":{"line":58,"column":3},"end":{"line":58,"column":21}},"38":{"start":{"line":62,"column":2},"end":{"line":65,"column":5}},"39":{"start":{"line":63,"column":3},"end":{"line":63,"column":22}},"40":{"start":{"line":63,"column":12},"end":{"line":63,"column":22}},"41":{"start":{"line":64,"column":3},"end":{"line":64,"column":21}},"42":{"start":{"line":68,"column":2},"end":{"line":71,"column":5}},"43":{"start":{"line":69,"column":3},"end":{"line":69,"column":22}},"44":{"start":{"line":69,"column":12},"end":{"line":69,"column":22}},"45":{"start":{"line":70,"column":3},"end":{"line":70,"column":21}},"46":{"start":{"line":74,"column":2},"end":{"line":77,"column":5}},"47":{"start":{"line":75,"column":3},"end":{"line":75,"column":22}},"48":{"start":{"line":75,"column":12},"end":{"line":75,"column":22}},"49":{"start":{"line":76,"column":3},"end":{"line":76,"column":21}},"50":{"start":{"line":80,"column":2},"end":{"line":83,"column":5}},"51":{"start":{"line":81,"column":3},"end":{"line":81,"column":22}},"52":{"start":{"line":81,"column":12},"end":{"line":81,"column":22}},"53":{"start":{"line":82,"column":3},"end":{"line":82,"column":21}},"54":{"start":{"line":86,"column":2},"end":{"line":89,"column":5}},"55":{"start":{"line":87,"column":3},"end":{"line":87,"column":22}},"56":{"start":{"line":87,"column":12},"end":{"line":87,"column":22}},"57":{"start":{"line":88,"column":3},"end":{"line":88,"column":21}},"58":{"start":{"line":94,"column":2},"end":{"line":106,"column":5}},"59":{"start":{"line":95,"column":3},"end":{"line":95,"column":22}},"60":{"start":{"line":95,"column":12},"end":{"line":95,"column":22}},"61":{"start":{"line":96,"column":21},"end":{"line":96,"column":58}},"62":{"start":{"line":97,"column":18},"end":{"line":97,"column":36}},"63":{"start":{"line":98,"column":3},"end":{"line":105,"column":6}},"64":{"start":{"line":99,"column":3},"end":{"line":99,"column":22}},"65":{"start":{"line":99,"column":12},"end":{"line":99,"column":22}},"66":{"start":{"line":100,"column":3},"end":{"line":104,"column":6}},"67":{"start":{"line":110,"column":2},"end":{"line":122,"column":5}},"68":{"start":{"line":111,"column":3},"end":{"line":111,"column":22}},"69":{"start":{"line":111,"column":12},"end":{"line":111,"column":22}},"70":{"start":{"line":112,"column":21},"end":{"line":112,"column":58}},"71":{"start":{"line":113,"column":18},"end":{"line":113,"column":36}},"72":{"start":{"line":114,"column":3},"end":{"line":121,"column":6}},"73":{"start":{"line":115,"column":3},"end":{"line":115,"column":22}},"74":{"start":{"line":115,"column":12},"end":{"line":115,"column":22}},"75":{"start":{"line":116,"column":3},"end":{"line":120,"column":6}},"76":{"start":{"line":126,"column":2},"end":{"line":138,"column":5}},"77":{"start":{"line":127,"column":3},"end":{"line":127,"column":22}},"78":{"start":{"line":127,"column":12},"end":{"line":127,"column":22}},"79":{"start":{"line":128,"column":21},"end":{"line":128,"column":58}},"80":{"start":{"line":129,"column":18},"end":{"line":129,"column":36}},"81":{"start":{"line":130,"column":3},"end":{"line":137,"column":6}},"82":{"start":{"line":131,"column":3},"end":{"line":131,"column":22}},"83":{"start":{"line":131,"column":12},"end":{"line":131,"column":22}},"84":{"start":{"line":132,"column":3},"end":{"line":136,"column":6}},"85":{"start":{"line":142,"column":3},"end":{"line":154,"column":6}},"86":{"start":{"line":143,"column":4},"end":{"line":143,"column":23}},"87":{"start":{"line":143,"column":13},"end":{"line":143,"column":23}},"88":{"start":{"line":144,"column":22},"end":{"line":144,"column":59}},"89":{"start":{"line":145,"column":19},"end":{"line":145,"column":37}},"90":{"start":{"line":146,"column":4},"end":{"line":153,"column":7}},"91":{"start":{"line":147,"column":4},"end":{"line":147,"column":23}},"92":{"start":{"line":147,"column":13},"end":{"line":147,"column":23}},"93":{"start":{"line":148,"column":4},"end":{"line":152,"column":7}},"94":{"start":{"line":158,"column":3},"end":{"line":170,"column":6}},"95":{"start":{"line":159,"column":4},"end":{"line":159,"column":23}},"96":{"start":{"line":159,"column":13},"end":{"line":159,"column":23}},"97":{"start":{"line":160,"column":22},"end":{"line":160,"column":59}},"98":{"start":{"line":161,"column":19},"end":{"line":161,"column":37}},"99":{"start":{"line":162,"column":4},"end":{"line":169,"column":7}},"100":{"start":{"line":163,"column":4},"end":{"line":163,"column":23}},"101":{"start":{"line":163,"column":13},"end":{"line":163,"column":23}},"102":{"start":{"line":164,"column":4},"end":{"line":168,"column":7}},"103":{"start":{"line":174,"column":4},"end":{"line":177,"column":7}},"104":{"start":{"line":175,"column":5},"end":{"line":175,"column":24}},"105":{"start":{"line":175,"column":14},"end":{"line":175,"column":24}},"106":{"start":{"line":176,"column":5},"end":{"line":176,"column":23}},"107":{"start":{"line":181,"column":4},"end":{"line":193,"column":7}},"108":{"start":{"line":182,"column":5},"end":{"line":182,"column":24}},"109":{"start":{"line":182,"column":14},"end":{"line":182,"column":24}},"110":{"start":{"line":183,"column":23},"end":{"line":183,"column":60}},"111":{"start":{"line":184,"column":20},"end":{"line":184,"column":38}},"112":{"start":{"line":185,"column":5},"end":{"line":192,"column":8}},"113":{"start":{"line":186,"column":5},"end":{"line":186,"column":24}},"114":{"start":{"line":186,"column":14},"end":{"line":186,"column":24}},"115":{"start":{"line":187,"column":5},"end":{"line":191,"column":8}},"116":{"start":{"line":198,"column":2},"end":{"line":201,"column":5}},"117":{"start":{"line":199,"column":3},"end":{"line":199,"column":22}},"118":{"start":{"line":199,"column":12},"end":{"line":199,"column":22}},"119":{"start":{"line":200,"column":3},"end":{"line":200,"column":21}},"120":{"start":{"line":206,"column":2},"end":{"line":218,"column":5}},"121":{"start":{"line":207,"column":3},"end":{"line":207,"column":22}},"122":{"start":{"line":207,"column":12},"end":{"line":207,"column":22}},"123":{"start":{"line":208,"column":21},"end":{"line":208,"column":58}},"124":{"start":{"line":209,"column":18},"end":{"line":209,"column":36}},"125":{"start":{"line":210,"column":3},"end":{"line":217,"column":6}},"126":{"start":{"line":211,"column":3},"end":{"line":211,"column":22}},"127":{"start":{"line":211,"column":12},"end":{"line":211,"column":22}},"128":{"start":{"line":212,"column":3},"end":{"line":216,"column":6}},"129":{"start":{"line":230,"column":2},"end":{"line":230,"column":24}},"130":{"start":{"line":231,"column":2},"end":{"line":231,"column":24}},"131":{"start":{"line":232,"column":2},"end":{"line":237,"column":5}},"132":{"start":{"line":233,"column":2},"end":{"line":235,"column":3}},"133":{"start":{"line":234,"column":3},"end":{"line":234,"column":24}},"134":{"start":{"line":236,"column":2},"end":{"line":236,"column":26}},"135":{"start":{"line":240,"column":8},"end":{"line":245,"column":5}},"136":{"start":{"line":241,"column":2},"end":{"line":243,"column":3}},"137":{"start":{"line":242,"column":3},"end":{"line":242,"column":24}},"138":{"start":{"line":244,"column":2},"end":{"line":244,"column":26}},"139":{"start":{"line":248,"column":8},"end":{"line":253,"column":5}},"140":{"start":{"line":249,"column":2},"end":{"line":251,"column":3}},"141":{"start":{"line":250,"column":3},"end":{"line":250,"column":24}},"142":{"start":{"line":252,"column":2},"end":{"line":252,"column":26}},"143":{"start":{"line":256,"column":8},"end":{"line":261,"column":5}},"144":{"start":{"line":257,"column":2},"end":{"line":259,"column":3}},"145":{"start":{"line":258,"column":3},"end":{"line":258,"column":24}},"146":{"start":{"line":260,"column":2},"end":{"line":260,"column":26}},"147":{"start":{"line":264,"column":8},"end":{"line":269,"column":5}},"148":{"start":{"line":265,"column":2},"end":{"line":267,"column":3}},"149":{"start":{"line":266,"column":3},"end":{"line":266,"column":24}},"150":{"start":{"line":268,"column":2},"end":{"line":268,"column":26}},"151":{"start":{"line":272,"column":8},"end":{"line":277,"column":5}},"152":{"start":{"line":273,"column":2},"end":{"line":275,"column":3}},"153":{"start":{"line":274,"column":3},"end":{"line":274,"column":24}},"154":{"start":{"line":276,"column":2},"end":{"line":276,"column":26}},"155":{"start":{"line":280,"column":8},"end":{"line":285,"column":5}},"156":{"start":{"line":281,"column":2},"end":{"line":283,"column":3}},"157":{"start":{"line":282,"column":3},"end":{"line":282,"column":24}},"158":{"start":{"line":284,"column":2},"end":{"line":284,"column":26}}},"fnMap":{"0":{"name":"(anonymous_0)","decl":{"start":{"line":4,"column":7},"end":{"line":4,"column":8}},"loc":{"start":{"line":4,"column":31},"end":{"line":10,"column":2}},"line":4},"1":{"name":"(anonymous_1)","decl":{"start":{"line":5,"column":57},"end":{"line":5,"column":58}},"loc":{"start":{"line":6,"column":17},"end":{"line":9,"column":3}},"line":6},"2":{"name":"(anonymous_2)","decl":{"start":{"line":11,"column":10},"end":{"line":11,"column":11}},"loc":{"start":{"line":11,"column":30},"end":{"line":16,"column":2}},"line":11},"3":{"name":"(anonymous_3)","decl":{"start":{"line":12,"column":40},"end":{"line":12,"column":41}},"loc":{"start":{"line":12,"column":64},"end":{"line":15,"column":3}},"line":12},"4":{"name":"(anonymous_4)","decl":{"start":{"line":18,"column":18},"end":{"line":18,"column":19}},"loc":{"start":{"line":18,"column":37},"end":{"line":23,"column":2}},"line":18},"5":{"name":"(anonymous_5)","decl":{"start":{"line":19,"column":90},"end":{"line":19,"column":91}},"loc":{"start":{"line":19,"column":111},"end":{"line":22,"column":3}},"line":19},"6":{"name":"(anonymous_6)","decl":{"start":{"line":24,"column":13},"end":{"line":24,"column":14}},"loc":{"start":{"line":24,"column":37},"end":{"line":29,"column":2}},"line":24},"7":{"name":"(anonymous_7)","decl":{"start":{"line":25,"column":122},"end":{"line":25,"column":123}},"loc":{"start":{"line":25,"column":146},"end":{"line":28,"column":3}},"line":25},"8":{"name":"(anonymous_8)","decl":{"start":{"line":30,"column":14},"end":{"line":30,"column":15}},"loc":{"start":{"line":30,"column":34},"end":{"line":35,"column":2}},"line":30},"9":{"name":"(anonymous_9)","decl":{"start":{"line":31,"column":63},"end":{"line":31,"column":64}},"loc":{"start":{"line":31,"column":87},"end":{"line":34,"column":3}},"line":31},"10":{"name":"(anonymous_10)","decl":{"start":{"line":36,"column":18},"end":{"line":36,"column":19}},"loc":{"start":{"line":36,"column":38},"end":{"line":41,"column":2}},"line":36},"11":{"name":"(anonymous_11)","decl":{"start":{"line":37,"column":68},"end":{"line":37,"column":69}},"loc":{"start":{"line":37,"column":92},"end":{"line":40,"column":3}},"line":37},"12":{"name":"(anonymous_12)","decl":{"start":{"line":42,"column":14},"end":{"line":42,"column":15}},"loc":{"start":{"line":42,"column":40},"end":{"line":48,"column":5}},"line":42},"13":{"name":"(anonymous_13)","decl":{"start":{"line":43,"column":354},"end":{"line":43,"column":355}},"loc":{"start":{"line":44,"column":23},"end":{"line":47,"column":9}},"line":44},"14":{"name":"(anonymous_14)","decl":{"start":{"line":49,"column":19},"end":{"line":49,"column":20}},"loc":{"start":{"line":49,"column":46},"end":{"line":54,"column":2}},"line":49},"15":{"name":"(anonymous_15)","decl":{"start":{"line":50,"column":166},"end":{"line":50,"column":167}},"loc":{"start":{"line":50,"column":190},"end":{"line":53,"column":3}},"line":50},"16":{"name":"(anonymous_16)","decl":{"start":{"line":55,"column":17},"end":{"line":55,"column":18}},"loc":{"start":{"line":55,"column":43},"end":{"line":60,"column":2}},"line":55},"17":{"name":"(anonymous_17)","decl":{"start":{"line":56,"column":114},"end":{"line":56,"column":115}},"loc":{"start":{"line":56,"column":138},"end":{"line":59,"column":3}},"line":56},"18":{"name":"(anonymous_18)","decl":{"start":{"line":61,"column":13},"end":{"line":61,"column":14}},"loc":{"start":{"line":61,"column":38},"end":{"line":66,"column":2}},"line":61},"19":{"name":"(anonymous_19)","decl":{"start":{"line":62,"column":58},"end":{"line":62,"column":59}},"loc":{"start":{"line":62,"column":82},"end":{"line":65,"column":3}},"line":62},"20":{"name":"(anonymous_20)","decl":{"start":{"line":67,"column":18},"end":{"line":67,"column":19}},"loc":{"start":{"line":67,"column":46},"end":{"line":72,"column":2}},"line":67},"21":{"name":"(anonymous_21)","decl":{"start":{"line":68,"column":64},"end":{"line":68,"column":65}},"loc":{"start":{"line":68,"column":88},"end":{"line":71,"column":3}},"line":68},"22":{"name":"(anonymous_22)","decl":{"start":{"line":73,"column":15},"end":{"line":73,"column":16}},"loc":{"start":{"line":73,"column":43},"end":{"line":78,"column":2}},"line":73},"23":{"name":"(anonymous_23)","decl":{"start":{"line":74,"column":64},"end":{"line":74,"column":65}},"loc":{"start":{"line":74,"column":88},"end":{"line":77,"column":3}},"line":74},"24":{"name":"(anonymous_24)","decl":{"start":{"line":79,"column":12},"end":{"line":79,"column":13}},"loc":{"start":{"line":79,"column":37},"end":{"line":84,"column":2}},"line":79},"25":{"name":"(anonymous_25)","decl":{"start":{"line":80,"column":58},"end":{"line":80,"column":59}},"loc":{"start":{"line":80,"column":82},"end":{"line":83,"column":3}},"line":80},"26":{"name":"(anonymous_26)","decl":{"start":{"line":85,"column":33},"end":{"line":85,"column":34}},"loc":{"start":{"line":85,"column":57},"end":{"line":90,"column":2}},"line":85},"27":{"name":"(anonymous_27)","decl":{"start":{"line":86,"column":150},"end":{"line":86,"column":151}},"loc":{"start":{"line":86,"column":174},"end":{"line":89,"column":3}},"line":86},"28":{"name":"(anonymous_28)","decl":{"start":{"line":93,"column":45},"end":{"line":93,"column":46}},"loc":{"start":{"line":93,"column":82},"end":{"line":107,"column":3}},"line":93},"29":{"name":"(anonymous_29)","decl":{"start":{"line":94,"column":170},"end":{"line":94,"column":171}},"loc":{"start":{"line":94,"column":192},"end":{"line":106,"column":3}},"line":94},"30":{"name":"(anonymous_30)","decl":{"start":{"line":98,"column":185},"end":{"line":98,"column":186}},"loc":{"start":{"line":98,"column":209},"end":{"line":105,"column":4}},"line":98},"31":{"name":"(anonymous_31)","decl":{"start":{"line":109,"column":19},"end":{"line":109,"column":20}},"loc":{"start":{"line":109,"column":52},"end":{"line":123,"column":3}},"line":109},"32":{"name":"(anonymous_32)","decl":{"start":{"line":110,"column":60},"end":{"line":110,"column":61}},"loc":{"start":{"line":110,"column":82},"end":{"line":122,"column":3}},"line":110},"33":{"name":"(anonymous_33)","decl":{"start":{"line":114,"column":75},"end":{"line":114,"column":76}},"loc":{"start":{"line":114,"column":99},"end":{"line":121,"column":4}},"line":114},"34":{"name":"(anonymous_34)","decl":{"start":{"line":125,"column":24},"end":{"line":125,"column":25}},"loc":{"start":{"line":125,"column":63},"end":{"line":139,"column":3}},"line":125},"35":{"name":"(anonymous_35)","decl":{"start":{"line":126,"column":368},"end":{"line":126,"column":369}},"loc":{"start":{"line":126,"column":390},"end":{"line":138,"column":3}},"line":126},"36":{"name":"(anonymous_36)","decl":{"start":{"line":130,"column":381},"end":{"line":130,"column":382}},"loc":{"start":{"line":130,"column":405},"end":{"line":137,"column":4}},"line":130},"37":{"name":"(anonymous_37)","decl":{"start":{"line":141,"column":25},"end":{"line":141,"column":26}},"loc":{"start":{"line":141,"column":66},"end":{"line":155,"column":4}},"line":141},"38":{"name":"(anonymous_38)","decl":{"start":{"line":142,"column":85},"end":{"line":142,"column":86}},"loc":{"start":{"line":142,"column":107},"end":{"line":154,"column":4}},"line":142},"39":{"name":"(anonymous_39)","decl":{"start":{"line":146,"column":100},"end":{"line":146,"column":101}},"loc":{"start":{"line":146,"column":124},"end":{"line":153,"column":5}},"line":146},"40":{"name":"(anonymous_40)","decl":{"start":{"line":157,"column":29},"end":{"line":157,"column":30}},"loc":{"start":{"line":157,"column":69},"end":{"line":171,"column":4}},"line":157},"41":{"name":"(anonymous_41)","decl":{"start":{"line":158,"column":187},"end":{"line":158,"column":188}},"loc":{"start":{"line":158,"column":209},"end":{"line":170,"column":4}},"line":158},"42":{"name":"(anonymous_42)","decl":{"start":{"line":162,"column":200},"end":{"line":162,"column":201}},"loc":{"start":{"line":162,"column":224},"end":{"line":169,"column":5}},"line":162},"43":{"name":"(anonymous_43)","decl":{"start":{"line":173,"column":19},"end":{"line":173,"column":20}},"loc":{"start":{"line":173,"column":45},"end":{"line":178,"column":4}},"line":173},"44":{"name":"(anonymous_44)","decl":{"start":{"line":174,"column":116},"end":{"line":174,"column":117}},"loc":{"start":{"line":174,"column":140},"end":{"line":177,"column":5}},"line":174},"45":{"name":"(anonymous_45)","decl":{"start":{"line":180,"column":28},"end":{"line":180,"column":29}},"loc":{"start":{"line":180,"column":67},"end":{"line":194,"column":5}},"line":180},"46":{"name":"(anonymous_46)","decl":{"start":{"line":181,"column":136},"end":{"line":181,"column":137}},"loc":{"start":{"line":181,"column":158},"end":{"line":193,"column":5}},"line":181},"47":{"name":"(anonymous_47)","decl":{"start":{"line":185,"column":151},"end":{"line":185,"column":152}},"loc":{"start":{"line":185,"column":175},"end":{"line":192,"column":6}},"line":185},"48":{"name":"(anonymous_48)","decl":{"start":{"line":197,"column":23},"end":{"line":197,"column":24}},"loc":{"start":{"line":197,"column":43},"end":{"line":202,"column":2}},"line":197},"49":{"name":"(anonymous_49)","decl":{"start":{"line":198,"column":71},"end":{"line":198,"column":72}},"loc":{"start":{"line":198,"column":95},"end":{"line":201,"column":3}},"line":198},"50":{"name":"(anonymous_50)","decl":{"start":{"line":205,"column":32},"end":{"line":205,"column":33}},"loc":{"start":{"line":205,"column":65},"end":{"line":219,"column":3}},"line":205},"51":{"name":"(anonymous_51)","decl":{"start":{"line":206,"column":91},"end":{"line":206,"column":92}},"loc":{"start":{"line":206,"column":113},"end":{"line":218,"column":3}},"line":206},"52":{"name":"(anonymous_52)","decl":{"start":{"line":210,"column":106},"end":{"line":210,"column":107}},"loc":{"start":{"line":210,"column":130},"end":{"line":217,"column":4}},"line":210},"53":{"name":"(anonymous_53)","decl":{"start":{"line":229,"column":16},"end":{"line":229,"column":17}},"loc":{"start":{"line":229,"column":43},"end":{"line":238,"column":2}},"line":229},"54":{"name":"(anonymous_54)","decl":{"start":{"line":232,"column":65},"end":{"line":232,"column":66}},"loc":{"start":{"line":232,"column":89},"end":{"line":237,"column":3}},"line":232},"55":{"name":"(anonymous_55)","decl":{"start":{"line":239,"column":18},"end":{"line":239,"column":19}},"loc":{"start":{"line":239,"column":45},"end":{"line":246,"column":5}},"line":239},"56":{"name":"(anonymous_56)","decl":{"start":{"line":240,"column":206},"end":{"line":240,"column":207}},"loc":{"start":{"line":240,"column":230},"end":{"line":245,"column":3}},"line":240},"57":{"name":"(anonymous_57)","decl":{"start":{"line":247,"column":14},"end":{"line":247,"column":15}},"loc":{"start":{"line":247,"column":41},"end":{"line":254,"column":2}},"line":247},"58":{"name":"(anonymous_58)","decl":{"start":{"line":248,"column":99},"end":{"line":248,"column":100}},"loc":{"start":{"line":248,"column":123},"end":{"line":253,"column":3}},"line":248},"59":{"name":"(anonymous_59)","decl":{"start":{"line":255,"column":12},"end":{"line":255,"column":13}},"loc":{"start":{"line":255,"column":36},"end":{"line":262,"column":2}},"line":255},"60":{"name":"(anonymous_60)","decl":{"start":{"line":256,"column":79},"end":{"line":256,"column":80}},"loc":{"start":{"line":256,"column":103},"end":{"line":261,"column":3}},"line":256},"61":{"name":"(anonymous_61)","decl":{"start":{"line":263,"column":16},"end":{"line":263,"column":17}},"loc":{"start":{"line":263,"column":43},"end":{"line":270,"column":2}},"line":263},"62":{"name":"(anonymous_62)","decl":{"start":{"line":264,"column":125},"end":{"line":264,"column":126}},"loc":{"start":{"line":264,"column":149},"end":{"line":269,"column":3}},"line":264},"63":{"name":"(anonymous_63)","decl":{"start":{"line":271,"column":19},"end":{"line":271,"column":20}},"loc":{"start":{"line":271,"column":43},"end":{"line":278,"column":2}},"line":271},"64":{"name":"(anonymous_64)","decl":{"start":{"line":272,"column":82},"end":{"line":272,"column":83}},"loc":{"start":{"line":272,"column":106},"end":{"line":277,"column":3}},"line":272},"65":{"name":"(anonymous_65)","decl":{"start":{"line":279,"column":19},"end":{"line":279,"column":20}},"loc":{"start":{"line":279,"column":43},"end":{"line":286,"column":2}},"line":279},"66":{"name":"(anonymous_66)","decl":{"start":{"line":280,"column":103},"end":{"line":280,"column":104}},"loc":{"start":{"line":280,"column":127},"end":{"line":285,"column":3}},"line":280}},"branchMap":{"0":{"loc":{"start":{"line":7,"column":3},"end":{"line":7,"column":22}},"type":"if","locations":[{"start":{"line":7,"column":3},"end":{"line":7,"column":22}},{"start":{},"end":{}}],"line":7},"1":{"loc":{"start":{"line":13,"column":3},"end":{"line":13,"column":22}},"type":"if","locations":[{"start":{"line":13,"column":3},"end":{"line":13,"column":22}},{"start":{},"end":{}}],"line":13},"2":{"loc":{"start":{"line":20,"column":3},"end":{"line":20,"column":21}},"type":"if","locations":[{"start":{"line":20,"column":3},"end":{"line":20,"column":21}},{"start":{},"end":{}}],"line":20},"3":{"loc":{"start":{"line":26,"column":3},"end":{"line":26,"column":22}},"type":"if","locations":[{"start":{"line":26,"column":3},"end":{"line":26,"column":22}},{"start":{},"end":{}}],"line":26},"4":{"loc":{"start":{"line":32,"column":3},"end":{"line":32,"column":22}},"type":"if","locations":[{"start":{"line":32,"column":3},"end":{"line":32,"column":22}},{"start":{},"end":{}}],"line":32},"5":{"loc":{"start":{"line":38,"column":3},"end":{"line":38,"column":22}},"type":"if","locations":[{"start":{"line":38,"column":3},"end":{"line":38,"column":22}},{"start":{},"end":{}}],"line":38},"6":{"loc":{"start":{"line":45,"column":12},"end":{"line":45,"column":31}},"type":"if","locations":[{"start":{"line":45,"column":12},"end":{"line":45,"column":31}},{"start":{},"end":{}}],"line":45},"7":{"loc":{"start":{"line":51,"column":3},"end":{"line":51,"column":22}},"type":"if","locations":[{"start":{"line":51,"column":3},"end":{"line":51,"column":22}},{"start":{},"end":{}}],"line":51},"8":{"loc":{"start":{"line":57,"column":3},"end":{"line":57,"column":22}},"type":"if","locations":[{"start":{"line":57,"column":3},"end":{"line":57,"column":22}},{"start":{},"end":{}}],"line":57},"9":{"loc":{"start":{"line":63,"column":3},"end":{"line":63,"column":22}},"type":"if","locations":[{"start":{"line":63,"column":3},"end":{"line":63,"column":22}},{"start":{},"end":{}}],"line":63},"10":{"loc":{"start":{"line":69,"column":3},"end":{"line":69,"column":22}},"type":"if","locations":[{"start":{"line":69,"column":3},"end":{"line":69,"column":22}},{"start":{},"end":{}}],"line":69},"11":{"loc":{"start":{"line":75,"column":3},"end":{"line":75,"column":22}},"type":"if","locations":[{"start":{"line":75,"column":3},"end":{"line":75,"column":22}},{"start":{},"end":{}}],"line":75},"12":{"loc":{"start":{"line":81,"column":3},"end":{"line":81,"column":22}},"type":"if","locations":[{"start":{"line":81,"column":3},"end":{"line":81,"column":22}},{"start":{},"end":{}}],"line":81},"13":{"loc":{"start":{"line":87,"column":3},"end":{"line":87,"column":22}},"type":"if","locations":[{"start":{"line":87,"column":3},"end":{"line":87,"column":22}},{"start":{},"end":{}}],"line":87},"14":{"loc":{"start":{"line":95,"column":3},"end":{"line":95,"column":22}},"type":"if","locations":[{"start":{"line":95,"column":3},"end":{"line":95,"column":22}},{"start":{},"end":{}}],"line":95},"15":{"loc":{"start":{"line":99,"column":3},"end":{"line":99,"column":22}},"type":"if","locations":[{"start":{"line":99,"column":3},"end":{"line":99,"column":22}},{"start":{},"end":{}}],"line":99},"16":{"loc":{"start":{"line":111,"column":3},"end":{"line":111,"column":22}},"type":"if","locations":[{"start":{"line":111,"column":3},"end":{"line":111,"column":22}},{"start":{},"end":{}}],"line":111},"17":{"loc":{"start":{"line":115,"column":3},"end":{"line":115,"column":22}},"type":"if","locations":[{"start":{"line":115,"column":3},"end":{"line":115,"column":22}},{"start":{},"end":{}}],"line":115},"18":{"loc":{"start":{"line":127,"column":3},"end":{"line":127,"column":22}},"type":"if","locations":[{"start":{"line":127,"column":3},"end":{"line":127,"column":22}},{"start":{},"end":{}}],"line":127},"19":{"loc":{"start":{"line":131,"column":3},"end":{"line":131,"column":22}},"type":"if","locations":[{"start":{"line":131,"column":3},"end":{"line":131,"column":22}},{"start":{},"end":{}}],"line":131},"20":{"loc":{"start":{"line":143,"column":4},"end":{"line":143,"column":23}},"type":"if","locations":[{"start":{"line":143,"column":4},"end":{"line":143,"column":23}},{"start":{},"end":{}}],"line":143},"21":{"loc":{"start":{"line":147,"column":4},"end":{"line":147,"column":23}},"type":"if","locations":[{"start":{"line":147,"column":4},"end":{"line":147,"column":23}},{"start":{},"end":{}}],"line":147},"22":{"loc":{"start":{"line":159,"column":4},"end":{"line":159,"column":23}},"type":"if","locations":[{"start":{"line":159,"column":4},"end":{"line":159,"column":23}},{"start":{},"end":{}}],"line":159},"23":{"loc":{"start":{"line":163,"column":4},"end":{"line":163,"column":23}},"type":"if","locations":[{"start":{"line":163,"column":4},"end":{"line":163,"column":23}},{"start":{},"end":{}}],"line":163},"24":{"loc":{"start":{"line":175,"column":5},"end":{"line":175,"column":24}},"type":"if","locations":[{"start":{"line":175,"column":5},"end":{"line":175,"column":24}},{"start":{},"end":{}}],"line":175},"25":{"loc":{"start":{"line":182,"column":5},"end":{"line":182,"column":24}},"type":"if","locations":[{"start":{"line":182,"column":5},"end":{"line":182,"column":24}},{"start":{},"end":{}}],"line":182},"26":{"loc":{"start":{"line":186,"column":5},"end":{"line":186,"column":24}},"type":"if","locations":[{"start":{"line":186,"column":5},"end":{"line":186,"column":24}},{"start":{},"end":{}}],"line":186},"27":{"loc":{"start":{"line":199,"column":3},"end":{"line":199,"column":22}},"type":"if","locations":[{"start":{"line":199,"column":3},"end":{"line":199,"column":22}},{"start":{},"end":{}}],"line":199},"28":{"loc":{"start":{"line":207,"column":3},"end":{"line":207,"column":22}},"type":"if","locations":[{"start":{"line":207,"column":3},"end":{"line":207,"column":22}},{"start":{},"end":{}}],"line":207},"29":{"loc":{"start":{"line":211,"column":3},"end":{"line":211,"column":22}},"type":"if","locations":[{"start":{"line":211,"column":3},"end":{"line":211,"column":22}},{"start":{},"end":{}}],"line":211},"30":{"loc":{"start":{"line":233,"column":2},"end":{"line":235,"column":3}},"type":"if","locations":[{"start":{"line":233,"column":2},"end":{"line":235,"column":3}},{"start":{},"end":{}}],"line":233},"31":{"loc":{"start":{"line":241,"column":2},"end":{"line":243,"column":3}},"type":"if","locations":[{"start":{"line":241,"column":2},"end":{"line":243,"column":3}},{"start":{},"end":{}}],"line":241},"32":{"loc":{"start":{"line":249,"column":2},"end":{"line":251,"column":3}},"type":"if","locations":[{"start":{"line":249,"column":2},"end":{"line":251,"column":3}},{"start":{},"end":{}}],"line":249},"33":{"loc":{"start":{"line":257,"column":2},"end":{"line":259,"column":3}},"type":"if","locations":[{"start":{"line":257,"column":2},"end":{"line":259,"column":3}},{"start":{},"end":{}}],"line":257},"34":{"loc":{"start":{"line":265,"column":2},"end":{"line":267,"column":3}},"type":"if","locations":[{"start":{"line":265,"column":2},"end":{"line":267,"column":3}},{"start":{},"end":{}}],"line":265},"35":{"loc":{"start":{"line":273,"column":2},"end":{"line":275,"column":3}},"type":"if","locations":[{"start":{"line":273,"column":2},"end":{"line":275,"column":3}},{"start":{},"end":{}}],"line":273},"36":{"loc":{"start":{"line":281,"column":2},"end":{"line":283,"column":3}},"type":"if","locations":[{"start":{"line":281,"column":2},"end":{"line":283,"column":3}},{"start":{},"end":{}}],"line":281}},"s":{"0":2,"1":2,"2":3,"3":3,"4":0,"5":3,"6":1,"7":1,"8":0,"9":1,"10":1,"11":1,"12":0,"13":1,"14":0,"15":0,"16":0,"17":0,"18":1,"19":1,"20":0,"21":1,"22":1,"23":1,"24":0,"25":1,"26":1,"27":1,"28":0,"29":1,"30":1,"31":1,"32":0,"33":1,"34":0,"35":0,"36":0,"37":0,"38":1,"39":1,"40":0,"41":1,"42":1,"43":1,"44":0,"45":1,"46":1,"47":1,"48":0,"49":1,"50":1,"51":1,"52":0,"53":1,"54":1,"55":1,"56":0,"57":1,"58":0,"59":0,"60":0,"61":0,"62":0,"63":0,"64":0,"65":0,"66":0,"67":1,"68":1,"69":0,"70":1,"71":1,"72":1,"73":1,"74":0,"75":1,"76":2,"77":2,"78":0,"79":2,"80":2,"81":2,"82":2,"83":0,"84":2,"85":1,"86":1,"87":0,"88":1,"89":1,"90":1,"91":1,"92":0,"93":1,"94":1,"95":1,"96":0,"97":1,"98":1,"99":1,"100":1,"101":0,"102":1,"103":1,"104":1,"105":0,"106":1,"107":0,"108":0,"109":0,"110":0,"111":0,"112":0,"113":0,"114":0,"115":0,"116":1,"117":1,"118":0,"119":1,"120":1,"121":1,"122":0,"123":1,"124":1,"125":1,"126":1,"127":0,"128":1,"129":2,"130":2,"131":2,"132":2,"133":1,"134":1,"135":2,"136":2,"137":0,"138":2,"139":1,"140":1,"141":0,"142":1,"143":1,"144":1,"145":0,"146":1,"147":2,"148":2,"149":0,"150":2,"151":1,"152":1,"153":0,"154":1,"155":1,"156":1,"157":0,"158":1},"f":{"0":3,"1":3,"2":1,"3":1,"4":1,"5":1,"6":0,"7":0,"8":1,"9":1,"10":1,"11":1,"12":1,"13":1,"14":1,"15":1,"16":0,"17":0,"18":1,"19":1,"20":1,"21":1,"22":1,"23":1,"24":1,"25":1,"26":1,"27":1,"28":0,"29":0,"30":0,"31":1,"32":1,"33":1,"34":2,"35":2,"36":2,"37":1,"38":1,"39":1,"40":1,"41":1,"42":1,"43":1,"44":1,"45":0,"46":0,"47":0,"48":1,"49":1,"50":1,"51":1,"52":1,"53":2,"54":2,"55":2,"56":2,"57":1,"58":1,"59":1,"60":1,"61":2,"62":2,"63":1,"64":1,"65":1,"66":1},"b":{"0":[0,3],"1":[0,1],"2":[0,1],"3":[0,0],"4":[0,1],"5":[0,1],"6":[0,1],"7":[0,1],"8":[0,0],"9":[0,1],"10":[0,1],"11":[0,1],"12":[0,1],"13":[0,1],"14":[0,0],"15":[0,0],"16":[0,1],"17":[0,1],"18":[0,2],"19":[0,2],"20":[0,1],"21":[0,1],"22":[0,1],"23":[0,1],"24":[0,1],"25":[0,0],"26":[0,0],"27":[0,1],"28":[0,1],"29":[0,1],"30":[1,1],"31":[0,2],"32":[0,1],"33":[0,1],"34":[0,2],"35":[0,1],"36":[0,1]},"_coverageSchema":"1a1c01bbd47fc00a2c39e90264f33305004495a9","hash":"d890b4d789d31a38ddd14eb6bb441cc4d42c9ff9"}
,"C:\\Users\\wills\\Documents\\GitHub\\sr10\\Projet\\myapp\\model\\candidature.js": {"path":"C:\\Users\\wills\\Documents\\GitHub\\sr10\\Projet\\myapp\\model\\candidature.js","statementMap":{"0":{"start":{"line":1,"column":9},"end":{"line":1,"column":27}},"1":{"start":{"line":2,"column":0},"end":{"line":190,"column":1}},"2":{"start":{"line":4,"column":2},"end":{"line":8,"column":5}},"3":{"start":{"line":6,"column":3},"end":{"line":6,"column":22}},"4":{"start":{"line":6,"column":12},"end":{"line":6,"column":22}},"5":{"start":{"line":7,"column":3},"end":{"line":7,"column":21}},"6":{"start":{"line":11,"column":2},"end":{"line":15,"column":5}},"7":{"start":{"line":13,"column":3},"end":{"line":13,"column":22}},"8":{"start":{"line":13,"column":12},"end":{"line":13,"column":22}},"9":{"start":{"line":14,"column":3},"end":{"line":14,"column":21}},"10":{"start":{"line":18,"column":2},"end":{"line":21,"column":5}},"11":{"start":{"line":19,"column":3},"end":{"line":19,"column":22}},"12":{"start":{"line":19,"column":12},"end":{"line":19,"column":22}},"13":{"start":{"line":20,"column":3},"end":{"line":20,"column":21}},"14":{"start":{"line":25,"column":2},"end":{"line":28,"column":5}},"15":{"start":{"line":26,"column":3},"end":{"line":26,"column":22}},"16":{"start":{"line":26,"column":12},"end":{"line":26,"column":22}},"17":{"start":{"line":27,"column":3},"end":{"line":27,"column":21}},"18":{"start":{"line":31,"column":2},"end":{"line":34,"column":5}},"19":{"start":{"line":32,"column":3},"end":{"line":32,"column":22}},"20":{"start":{"line":32,"column":12},"end":{"line":32,"column":22}},"21":{"start":{"line":33,"column":3},"end":{"line":33,"column":21}},"22":{"start":{"line":38,"column":2},"end":{"line":41,"column":5}},"23":{"start":{"line":39,"column":3},"end":{"line":39,"column":22}},"24":{"start":{"line":39,"column":12},"end":{"line":39,"column":22}},"25":{"start":{"line":40,"column":3},"end":{"line":40,"column":21}},"26":{"start":{"line":45,"column":2},"end":{"line":48,"column":5}},"27":{"start":{"line":46,"column":3},"end":{"line":46,"column":22}},"28":{"start":{"line":46,"column":12},"end":{"line":46,"column":22}},"29":{"start":{"line":47,"column":3},"end":{"line":47,"column":21}},"30":{"start":{"line":53,"column":8},"end":{"line":65,"column":11}},"31":{"start":{"line":54,"column":10},"end":{"line":54,"column":29}},"32":{"start":{"line":54,"column":19},"end":{"line":54,"column":29}},"33":{"start":{"line":55,"column":28},"end":{"line":55,"column":65}},"34":{"start":{"line":56,"column":25},"end":{"line":56,"column":43}},"35":{"start":{"line":57,"column":10},"end":{"line":64,"column":13}},"36":{"start":{"line":58,"column":12},"end":{"line":58,"column":31}},"37":{"start":{"line":58,"column":21},"end":{"line":58,"column":31}},"38":{"start":{"line":59,"column":12},"end":{"line":63,"column":15}},"39":{"start":{"line":69,"column":8},"end":{"line":81,"column":11}},"40":{"start":{"line":70,"column":12},"end":{"line":70,"column":31}},"41":{"start":{"line":70,"column":21},"end":{"line":70,"column":31}},"42":{"start":{"line":71,"column":30},"end":{"line":71,"column":67}},"43":{"start":{"line":72,"column":27},"end":{"line":72,"column":45}},"44":{"start":{"line":73,"column":12},"end":{"line":80,"column":15}},"45":{"start":{"line":74,"column":12},"end":{"line":74,"column":31}},"46":{"start":{"line":74,"column":21},"end":{"line":74,"column":31}},"47":{"start":{"line":75,"column":12},"end":{"line":79,"column":15}},"48":{"start":{"line":85,"column":3},"end":{"line":97,"column":6}},"49":{"start":{"line":86,"column":4},"end":{"line":86,"column":23}},"50":{"start":{"line":86,"column":13},"end":{"line":86,"column":23}},"51":{"start":{"line":87,"column":22},"end":{"line":87,"column":59}},"52":{"start":{"line":88,"column":19},"end":{"line":88,"column":37}},"53":{"start":{"line":89,"column":4},"end":{"line":96,"column":7}},"54":{"start":{"line":90,"column":4},"end":{"line":90,"column":23}},"55":{"start":{"line":90,"column":13},"end":{"line":90,"column":23}},"56":{"start":{"line":91,"column":4},"end":{"line":95,"column":7}},"57":{"start":{"line":102,"column":3},"end":{"line":114,"column":6}},"58":{"start":{"line":103,"column":4},"end":{"line":103,"column":23}},"59":{"start":{"line":103,"column":13},"end":{"line":103,"column":23}},"60":{"start":{"line":104,"column":22},"end":{"line":104,"column":59}},"61":{"start":{"line":105,"column":19},"end":{"line":105,"column":37}},"62":{"start":{"line":106,"column":4},"end":{"line":113,"column":7}},"63":{"start":{"line":107,"column":4},"end":{"line":107,"column":23}},"64":{"start":{"line":107,"column":13},"end":{"line":107,"column":23}},"65":{"start":{"line":108,"column":4},"end":{"line":112,"column":7}},"66":{"start":{"line":118,"column":4},"end":{"line":130,"column":7}},"67":{"start":{"line":119,"column":5},"end":{"line":119,"column":24}},"68":{"start":{"line":119,"column":14},"end":{"line":119,"column":24}},"69":{"start":{"line":120,"column":23},"end":{"line":120,"column":60}},"70":{"start":{"line":121,"column":20},"end":{"line":121,"column":38}},"71":{"start":{"line":122,"column":5},"end":{"line":129,"column":8}},"72":{"start":{"line":123,"column":5},"end":{"line":123,"column":24}},"73":{"start":{"line":123,"column":14},"end":{"line":123,"column":24}},"74":{"start":{"line":124,"column":5},"end":{"line":128,"column":8}},"75":{"start":{"line":139,"column":2},"end":{"line":142,"column":5}},"76":{"start":{"line":140,"column":3},"end":{"line":140,"column":22}},"77":{"start":{"line":140,"column":12},"end":{"line":140,"column":22}},"78":{"start":{"line":141,"column":3},"end":{"line":141,"column":21}},"79":{"start":{"line":146,"column":2},"end":{"line":149,"column":5}},"80":{"start":{"line":147,"column":3},"end":{"line":147,"column":22}},"81":{"start":{"line":147,"column":12},"end":{"line":147,"column":22}},"82":{"start":{"line":148,"column":3},"end":{"line":148,"column":21}},"83":{"start":{"line":153,"column":2},"end":{"line":156,"column":5}},"84":{"start":{"line":154,"column":3},"end":{"line":154,"column":22}},"85":{"start":{"line":154,"column":12},"end":{"line":154,"column":22}},"86":{"start":{"line":155,"column":3},"end":{"line":155,"column":21}},"87":{"start":{"line":159,"column":2},"end":{"line":162,"column":5}},"88":{"start":{"line":160,"column":3},"end":{"line":160,"column":22}},"89":{"start":{"line":160,"column":12},"end":{"line":160,"column":22}},"90":{"start":{"line":161,"column":3},"end":{"line":161,"column":21}},"91":{"start":{"line":166,"column":8},"end":{"line":170,"column":11}},"92":{"start":{"line":168,"column":12},"end":{"line":168,"column":31}},"93":{"start":{"line":168,"column":21},"end":{"line":168,"column":31}},"94":{"start":{"line":169,"column":12},"end":{"line":169,"column":30}},"95":{"start":{"line":174,"column":2},"end":{"line":179,"column":5}},"96":{"start":{"line":175,"column":2},"end":{"line":177,"column":3}},"97":{"start":{"line":176,"column":3},"end":{"line":176,"column":24}},"98":{"start":{"line":178,"column":2},"end":{"line":178,"column":26}},"99":{"start":{"line":183,"column":2},"end":{"line":188,"column":5}},"100":{"start":{"line":184,"column":2},"end":{"line":186,"column":3}},"101":{"start":{"line":185,"column":3},"end":{"line":185,"column":24}},"102":{"start":{"line":187,"column":2},"end":{"line":187,"column":26}}},"fnMap":{"0":{"name":"(anonymous_0)","decl":{"start":{"line":3,"column":7},"end":{"line":3,"column":8}},"loc":{"start":{"line":3,"column":37},"end":{"line":9,"column":2}},"line":3},"1":{"name":"(anonymous_1)","decl":{"start":{"line":4,"column":68},"end":{"line":4,"column":69}},"loc":{"start":{"line":5,"column":17},"end":{"line":8,"column":3}},"line":5},"2":{"name":"(anonymous_2)","decl":{"start":{"line":10,"column":21},"end":{"line":10,"column":22}},"loc":{"start":{"line":10,"column":48},"end":{"line":16,"column":2}},"line":10},"3":{"name":"(anonymous_3)","decl":{"start":{"line":11,"column":94},"end":{"line":11,"column":95}},"loc":{"start":{"line":12,"column":17},"end":{"line":15,"column":3}},"line":12},"4":{"name":"(anonymous_4)","decl":{"start":{"line":17,"column":10},"end":{"line":17,"column":11}},"loc":{"start":{"line":17,"column":30},"end":{"line":22,"column":2}},"line":17},"5":{"name":"(anonymous_5)","decl":{"start":{"line":18,"column":40},"end":{"line":18,"column":41}},"loc":{"start":{"line":18,"column":64},"end":{"line":21,"column":3}},"line":18},"6":{"name":"(anonymous_6)","decl":{"start":{"line":24,"column":14},"end":{"line":24,"column":15}},"loc":{"start":{"line":24,"column":34},"end":{"line":29,"column":2}},"line":24},"7":{"name":"(anonymous_7)","decl":{"start":{"line":25,"column":182},"end":{"line":25,"column":183}},"loc":{"start":{"line":25,"column":206},"end":{"line":28,"column":3}},"line":25},"8":{"name":"(anonymous_8)","decl":{"start":{"line":30,"column":18},"end":{"line":30,"column":19}},"loc":{"start":{"line":30,"column":38},"end":{"line":35,"column":2}},"line":30},"9":{"name":"(anonymous_9)","decl":{"start":{"line":31,"column":187},"end":{"line":31,"column":188}},"loc":{"start":{"line":31,"column":211},"end":{"line":34,"column":3}},"line":31},"10":{"name":"(anonymous_10)","decl":{"start":{"line":37,"column":25},"end":{"line":37,"column":26}},"loc":{"start":{"line":37,"column":45},"end":{"line":42,"column":2}},"line":37},"11":{"name":"(anonymous_11)","decl":{"start":{"line":38,"column":187},"end":{"line":38,"column":188}},"loc":{"start":{"line":38,"column":211},"end":{"line":41,"column":3}},"line":38},"12":{"name":"(anonymous_12)","decl":{"start":{"line":44,"column":42},"end":{"line":44,"column":43}},"loc":{"start":{"line":44,"column":69},"end":{"line":49,"column":2}},"line":44},"13":{"name":"(anonymous_13)","decl":{"start":{"line":45,"column":242},"end":{"line":45,"column":243}},"loc":{"start":{"line":45,"column":266},"end":{"line":48,"column":3}},"line":45},"14":{"name":"(anonymous_14)","decl":{"start":{"line":52,"column":38},"end":{"line":52,"column":39}},"loc":{"start":{"line":52,"column":75},"end":{"line":66,"column":7}},"line":52},"15":{"name":"(anonymous_15)","decl":{"start":{"line":53,"column":248},"end":{"line":53,"column":249}},"loc":{"start":{"line":53,"column":270},"end":{"line":65,"column":9}},"line":53},"16":{"name":"(anonymous_16)","decl":{"start":{"line":57,"column":264},"end":{"line":57,"column":265}},"loc":{"start":{"line":57,"column":288},"end":{"line":64,"column":11}},"line":57},"17":{"name":"(anonymous_17)","decl":{"start":{"line":68,"column":29},"end":{"line":68,"column":30}},"loc":{"start":{"line":68,"column":72},"end":{"line":82,"column":9}},"line":68},"18":{"name":"(anonymous_18)","decl":{"start":{"line":69,"column":310},"end":{"line":69,"column":311}},"loc":{"start":{"line":69,"column":332},"end":{"line":81,"column":9}},"line":69},"19":{"name":"(anonymous_19)","decl":{"start":{"line":73,"column":326},"end":{"line":73,"column":327}},"loc":{"start":{"line":73,"column":350},"end":{"line":80,"column":13}},"line":73},"20":{"name":"(anonymous_20)","decl":{"start":{"line":84,"column":29},"end":{"line":84,"column":30}},"loc":{"start":{"line":84,"column":72},"end":{"line":98,"column":4}},"line":84},"21":{"name":"(anonymous_21)","decl":{"start":{"line":85,"column":285},"end":{"line":85,"column":286}},"loc":{"start":{"line":85,"column":307},"end":{"line":97,"column":4}},"line":85},"22":{"name":"(anonymous_22)","decl":{"start":{"line":89,"column":298},"end":{"line":89,"column":299}},"loc":{"start":{"line":89,"column":322},"end":{"line":96,"column":5}},"line":89},"23":{"name":"(anonymous_23)","decl":{"start":{"line":101,"column":32},"end":{"line":101,"column":33}},"loc":{"start":{"line":101,"column":69},"end":{"line":115,"column":4}},"line":101},"24":{"name":"(anonymous_24)","decl":{"start":{"line":102,"column":245},"end":{"line":102,"column":246}},"loc":{"start":{"line":102,"column":267},"end":{"line":114,"column":4}},"line":102},"25":{"name":"(anonymous_25)","decl":{"start":{"line":106,"column":259},"end":{"line":106,"column":260}},"loc":{"start":{"line":106,"column":283},"end":{"line":113,"column":5}},"line":106},"26":{"name":"(anonymous_26)","decl":{"start":{"line":117,"column":29},"end":{"line":117,"column":30}},"loc":{"start":{"line":117,"column":66},"end":{"line":131,"column":5}},"line":117},"27":{"name":"(anonymous_27)","decl":{"start":{"line":118,"column":241},"end":{"line":118,"column":242}},"loc":{"start":{"line":118,"column":263},"end":{"line":130,"column":5}},"line":118},"28":{"name":"(anonymous_28)","decl":{"start":{"line":122,"column":255},"end":{"line":122,"column":256}},"loc":{"start":{"line":122,"column":279},"end":{"line":129,"column":6}},"line":122},"29":{"name":"(anonymous_29)","decl":{"start":{"line":138,"column":29},"end":{"line":138,"column":30}},"loc":{"start":{"line":138,"column":53},"end":{"line":143,"column":2}},"line":138},"30":{"name":"(anonymous_30)","decl":{"start":{"line":139,"column":222},"end":{"line":139,"column":223}},"loc":{"start":{"line":139,"column":246},"end":{"line":142,"column":3}},"line":139},"31":{"name":"(anonymous_31)","decl":{"start":{"line":145,"column":19},"end":{"line":145,"column":20}},"loc":{"start":{"line":145,"column":46},"end":{"line":150,"column":2}},"line":145},"32":{"name":"(anonymous_32)","decl":{"start":{"line":146,"column":273},"end":{"line":146,"column":274}},"loc":{"start":{"line":146,"column":297},"end":{"line":149,"column":3}},"line":146},"33":{"name":"(anonymous_33)","decl":{"start":{"line":152,"column":18},"end":{"line":152,"column":19}},"loc":{"start":{"line":152,"column":42},"end":{"line":157,"column":2}},"line":152},"34":{"name":"(anonymous_34)","decl":{"start":{"line":153,"column":217},"end":{"line":153,"column":218}},"loc":{"start":{"line":153,"column":241},"end":{"line":156,"column":3}},"line":153},"35":{"name":"(anonymous_35)","decl":{"start":{"line":158,"column":22},"end":{"line":158,"column":23}},"loc":{"start":{"line":158,"column":46},"end":{"line":163,"column":2}},"line":158},"36":{"name":"(anonymous_36)","decl":{"start":{"line":159,"column":222},"end":{"line":159,"column":223}},"loc":{"start":{"line":159,"column":246},"end":{"line":162,"column":3}},"line":159},"37":{"name":"(anonymous_37)","decl":{"start":{"line":165,"column":18},"end":{"line":165,"column":19}},"loc":{"start":{"line":165,"column":44},"end":{"line":171,"column":5}},"line":165},"38":{"name":"(anonymous_38)","decl":{"start":{"line":166,"column":298},"end":{"line":166,"column":299}},"loc":{"start":{"line":167,"column":23},"end":{"line":170,"column":9}},"line":167},"39":{"name":"(anonymous_39)","decl":{"start":{"line":173,"column":15},"end":{"line":173,"column":16}},"loc":{"start":{"line":173,"column":42},"end":{"line":180,"column":2}},"line":173},"40":{"name":"(anonymous_40)","decl":{"start":{"line":174,"column":152},"end":{"line":174,"column":153}},"loc":{"start":{"line":174,"column":176},"end":{"line":179,"column":3}},"line":174},"41":{"name":"(anonymous_41)","decl":{"start":{"line":182,"column":15},"end":{"line":182,"column":16}},"loc":{"start":{"line":182,"column":42},"end":{"line":189,"column":2}},"line":182},"42":{"name":"(anonymous_42)","decl":{"start":{"line":183,"column":123},"end":{"line":183,"column":124}},"loc":{"start":{"line":183,"column":147},"end":{"line":188,"column":3}},"line":183}},"branchMap":{"0":{"loc":{"start":{"line":6,"column":3},"end":{"line":6,"column":22}},"type":"if","locations":[{"start":{"line":6,"column":3},"end":{"line":6,"column":22}},{"start":{},"end":{}}],"line":6},"1":{"loc":{"start":{"line":13,"column":3},"end":{"line":13,"column":22}},"type":"if","locations":[{"start":{"line":13,"column":3},"end":{"line":13,"column":22}},{"start":{},"end":{}}],"line":13},"2":{"loc":{"start":{"line":19,"column":3},"end":{"line":19,"column":22}},"type":"if","locations":[{"start":{"line":19,"column":3},"end":{"line":19,"column":22}},{"start":{},"end":{}}],"line":19},"3":{"loc":{"start":{"line":26,"column":3},"end":{"line":26,"column":22}},"type":"if","locations":[{"start":{"line":26,"column":3},"end":{"line":26,"column":22}},{"start":{},"end":{}}],"line":26},"4":{"loc":{"start":{"line":32,"column":3},"end":{"line":32,"column":22}},"type":"if","locations":[{"start":{"line":32,"column":3},"end":{"line":32,"column":22}},{"start":{},"end":{}}],"line":32},"5":{"loc":{"start":{"line":39,"column":3},"end":{"line":39,"column":22}},"type":"if","locations":[{"start":{"line":39,"column":3},"end":{"line":39,"column":22}},{"start":{},"end":{}}],"line":39},"6":{"loc":{"start":{"line":46,"column":3},"end":{"line":46,"column":22}},"type":"if","locations":[{"start":{"line":46,"column":3},"end":{"line":46,"column":22}},{"start":{},"end":{}}],"line":46},"7":{"loc":{"start":{"line":54,"column":10},"end":{"line":54,"column":29}},"type":"if","locations":[{"start":{"line":54,"column":10},"end":{"line":54,"column":29}},{"start":{},"end":{}}],"line":54},"8":{"loc":{"start":{"line":58,"column":12},"end":{"line":58,"column":31}},"type":"if","locations":[{"start":{"line":58,"column":12},"end":{"line":58,"column":31}},{"start":{},"end":{}}],"line":58},"9":{"loc":{"start":{"line":70,"column":12},"end":{"line":70,"column":31}},"type":"if","locations":[{"start":{"line":70,"column":12},"end":{"line":70,"column":31}},{"start":{},"end":{}}],"line":70},"10":{"loc":{"start":{"line":74,"column":12},"end":{"line":74,"column":31}},"type":"if","locations":[{"start":{"line":74,"column":12},"end":{"line":74,"column":31}},{"start":{},"end":{}}],"line":74},"11":{"loc":{"start":{"line":86,"column":4},"end":{"line":86,"column":23}},"type":"if","locations":[{"start":{"line":86,"column":4},"end":{"line":86,"column":23}},{"start":{},"end":{}}],"line":86},"12":{"loc":{"start":{"line":90,"column":4},"end":{"line":90,"column":23}},"type":"if","locations":[{"start":{"line":90,"column":4},"end":{"line":90,"column":23}},{"start":{},"end":{}}],"line":90},"13":{"loc":{"start":{"line":103,"column":4},"end":{"line":103,"column":23}},"type":"if","locations":[{"start":{"line":103,"column":4},"end":{"line":103,"column":23}},{"start":{},"end":{}}],"line":103},"14":{"loc":{"start":{"line":107,"column":4},"end":{"line":107,"column":23}},"type":"if","locations":[{"start":{"line":107,"column":4},"end":{"line":107,"column":23}},{"start":{},"end":{}}],"line":107},"15":{"loc":{"start":{"line":119,"column":5},"end":{"line":119,"column":24}},"type":"if","locations":[{"start":{"line":119,"column":5},"end":{"line":119,"column":24}},{"start":{},"end":{}}],"line":119},"16":{"loc":{"start":{"line":123,"column":5},"end":{"line":123,"column":24}},"type":"if","locations":[{"start":{"line":123,"column":5},"end":{"line":123,"column":24}},{"start":{},"end":{}}],"line":123},"17":{"loc":{"start":{"line":140,"column":3},"end":{"line":140,"column":22}},"type":"if","locations":[{"start":{"line":140,"column":3},"end":{"line":140,"column":22}},{"start":{},"end":{}}],"line":140},"18":{"loc":{"start":{"line":147,"column":3},"end":{"line":147,"column":22}},"type":"if","locations":[{"start":{"line":147,"column":3},"end":{"line":147,"column":22}},{"start":{},"end":{}}],"line":147},"19":{"loc":{"start":{"line":154,"column":3},"end":{"line":154,"column":22}},"type":"if","locations":[{"start":{"line":154,"column":3},"end":{"line":154,"column":22}},{"start":{},"end":{}}],"line":154},"20":{"loc":{"start":{"line":160,"column":3},"end":{"line":160,"column":22}},"type":"if","locations":[{"start":{"line":160,"column":3},"end":{"line":160,"column":22}},{"start":{},"end":{}}],"line":160},"21":{"loc":{"start":{"line":168,"column":12},"end":{"line":168,"column":31}},"type":"if","locations":[{"start":{"line":168,"column":12},"end":{"line":168,"column":31}},{"start":{},"end":{}}],"line":168},"22":{"loc":{"start":{"line":175,"column":2},"end":{"line":177,"column":3}},"type":"if","locations":[{"start":{"line":175,"column":2},"end":{"line":177,"column":3}},{"start":{},"end":{}}],"line":175},"23":{"loc":{"start":{"line":184,"column":2},"end":{"line":186,"column":3}},"type":"if","locations":[{"start":{"line":184,"column":2},"end":{"line":186,"column":3}},{"start":{},"end":{}}],"line":184}},"s":{"0":2,"1":2,"2":0,"3":0,"4":0,"5":0,"6":0,"7":0,"8":0,"9":0,"10":0,"11":0,"12":0,"13":0,"14":0,"15":0,"16":0,"17":0,"18":0,"19":0,"20":0,"21":0,"22":0,"23":0,"24":0,"25":0,"26":1,"27":1,"28":0,"29":1,"30":0,"31":0,"32":0,"33":0,"34":0,"35":0,"36":0,"37":0,"38":0,"39":0,"40":0,"41":0,"42":0,"43":0,"44":0,"45":0,"46":0,"47":0,"48":0,"49":0,"50":0,"51":0,"52":0,"53":0,"54":0,"55":0,"56":0,"57":0,"58":0,"59":0,"60":0,"61":0,"62":0,"63":0,"64":0,"65":0,"66":0,"67":0,"68":0,"69":0,"70":0,"71":0,"72":0,"73":0,"74":0,"75":0,"76":0,"77":0,"78":0,"79":0,"80":0,"81":0,"82":0,"83":0,"84":0,"85":0,"86":0,"87":0,"88":0,"89":0,"90":0,"91":0,"92":0,"93":0,"94":0,"95":0,"96":0,"97":0,"98":0,"99":0,"100":0,"101":0,"102":0},"f":{"0":0,"1":0,"2":0,"3":0,"4":0,"5":0,"6":0,"7":0,"8":0,"9":0,"10":0,"11":0,"12":1,"13":1,"14":0,"15":0,"16":0,"17":0,"18":0,"19":0,"20":0,"21":0,"22":0,"23":0,"24":0,"25":0,"26":0,"27":0,"28":0,"29":0,"30":0,"31":0,"32":0,"33":0,"34":0,"35":0,"36":0,"37":0,"38":0,"39":0,"40":0,"41":0,"42":0},"b":{"0":[0,0],"1":[0,0],"2":[0,0],"3":[0,0],"4":[0,0],"5":[0,0],"6":[0,1],"7":[0,0],"8":[0,0],"9":[0,0],"10":[0,0],"11":[0,0],"12":[0,0],"13":[0,0],"14":[0,0],"15":[0,0],"16":[0,0],"17":[0,0],"18":[0,0],"19":[0,0],"20":[0,0],"21":[0,0],"22":[0,0],"23":[0,0]},"_coverageSchema":"1a1c01bbd47fc00a2c39e90264f33305004495a9","hash":"2b575786f9a31227de8dcbf83350068461a91708"}
,"C:\\Users\\wills\\Documents\\GitHub\\sr10\\Projet\\myapp\\model\\controle.js": {"path":"C:\\Users\\wills\\Documents\\GitHub\\sr10\\Projet\\myapp\\model\\controle.js","statementMap":{"0":{"start":{"line":1,"column":9},"end":{"line":1,"column":27}},"1":{"start":{"line":2,"column":0},"end":{"line":11,"column":1}},"2":{"start":{"line":4,"column":8},"end":{"line":9,"column":11}},"3":{"start":{"line":5,"column":8},"end":{"line":7,"column":9}},"4":{"start":{"line":6,"column":12},"end":{"line":6,"column":33}},"5":{"start":{"line":8,"column":8},"end":{"line":8,"column":32}}},"fnMap":{"0":{"name":"(anonymous_0)","decl":{"start":{"line":3,"column":17},"end":{"line":3,"column":18}},"loc":{"start":{"line":3,"column":44},"end":{"line":10,"column":5}},"line":3},"1":{"name":"(anonymous_1)","decl":{"start":{"line":4,"column":312},"end":{"line":4,"column":313}},"loc":{"start":{"line":4,"column":336},"end":{"line":9,"column":9}},"line":4}},"branchMap":{"0":{"loc":{"start":{"line":5,"column":8},"end":{"line":7,"column":9}},"type":"if","locations":[{"start":{"line":5,"column":8},"end":{"line":7,"column":9}},{"start":{},"end":{}}],"line":5}},"s":{"0":1,"1":1,"2":0,"3":0,"4":0,"5":0},"f":{"0":0,"1":0},"b":{"0":[0,0]},"_coverageSchema":"1a1c01bbd47fc00a2c39e90264f33305004495a9","hash":"992f9df42741a24ea530d7d0f23c5bd8be1d0a22"}
,"C:\\Users\\wills\\Documents\\GitHub\\sr10\\Projet\\myapp\\model\\db.js": {"path":"C:\\Users\\wills\\Documents\\GitHub\\sr10\\Projet\\myapp\\model\\db.js","statementMap":{"0":{"start":{"line":1,"column":12},"end":{"line":1,"column":28}},"1":{"start":{"line":2,"column":11},"end":{"line":8,"column":2}},"2":{"start":{"line":9,"column":0},"end":{"line":9,"column":22}}},"fnMap":{},"branchMap":{},"s":{"0":1,"1":1,"2":1},"f":{},"b":{},"_coverageSchema":"1a1c01bbd47fc00a2c39e90264f33305004495a9","hash":"6f5d4f4bde74245b9b038ca5f630823d50934f52"}
,"C:\\Users\\wills\\Documents\\GitHub\\sr10\\Projet\\myapp\\model\\edite.js": {"path":"C:\\Users\\wills\\Documents\\GitHub\\sr10\\Projet\\myapp\\model\\edite.js","statementMap":{"0":{"start":{"line":1,"column":9},"end":{"line":1,"column":27}},"1":{"start":{"line":3,"column":0},"end":{"line":12,"column":1}},"2":{"start":{"line":5,"column":8},"end":{"line":10,"column":11}},"3":{"start":{"line":6,"column":8},"end":{"line":8,"column":9}},"4":{"start":{"line":7,"column":12},"end":{"line":7,"column":33}},"5":{"start":{"line":9,"column":8},"end":{"line":9,"column":32}}},"fnMap":{"0":{"name":"(anonymous_0)","decl":{"start":{"line":4,"column":17},"end":{"line":4,"column":18}},"loc":{"start":{"line":4,"column":44},"end":{"line":11,"column":5}},"line":4},"1":{"name":"(anonymous_1)","decl":{"start":{"line":5,"column":284},"end":{"line":5,"column":285}},"loc":{"start":{"line":5,"column":308},"end":{"line":10,"column":9}},"line":5}},"branchMap":{"0":{"loc":{"start":{"line":6,"column":8},"end":{"line":8,"column":9}},"type":"if","locations":[{"start":{"line":6,"column":8},"end":{"line":8,"column":9}},{"start":{},"end":{}}],"line":6}},"s":{"0":1,"1":1,"2":0,"3":0,"4":0,"5":0},"f":{"0":0,"1":0},"b":{"0":[0,0]},"_coverageSchema":"1a1c01bbd47fc00a2c39e90264f33305004495a9","hash":"3ce081da709a60b9d17e965bcf9f518703379183"}
,"C:\\Users\\wills\\Documents\\GitHub\\sr10\\Projet\\myapp\\model\\modifie.js": {"path":"C:\\Users\\wills\\Documents\\GitHub\\sr10\\Projet\\myapp\\model\\modifie.js","statementMap":{"0":{"start":{"line":1,"column":9},"end":{"line":1,"column":27}},"1":{"start":{"line":2,"column":0},"end":{"line":11,"column":1}},"2":{"start":{"line":4,"column":8},"end":{"line":9,"column":15}},"3":{"start":{"line":5,"column":12},"end":{"line":7,"column":13}},"4":{"start":{"line":6,"column":16},"end":{"line":6,"column":37}},"5":{"start":{"line":8,"column":12},"end":{"line":8,"column":36}}},"fnMap":{"0":{"name":"(anonymous_0)","decl":{"start":{"line":3,"column":17},"end":{"line":3,"column":18}},"loc":{"start":{"line":3,"column":44},"end":{"line":10,"column":9}},"line":3},"1":{"name":"(anonymous_1)","decl":{"start":{"line":4,"column":298},"end":{"line":4,"column":299}},"loc":{"start":{"line":4,"column":322},"end":{"line":9,"column":13}},"line":4}},"branchMap":{"0":{"loc":{"start":{"line":5,"column":12},"end":{"line":7,"column":13}},"type":"if","locations":[{"start":{"line":5,"column":12},"end":{"line":7,"column":13}},{"start":{},"end":{}}],"line":5}},"s":{"0":1,"1":1,"2":0,"3":0,"4":0,"5":0},"f":{"0":0,"1":0},"b":{"0":[0,0]},"_coverageSchema":"1a1c01bbd47fc00a2c39e90264f33305004495a9","hash":"17f9b841edd109b0439dacfbbee7ccc96327aadc"}
,"C:\\Users\\wills\\Documents\\GitHub\\sr10\\Projet\\myapp\\model\\offres.js": {"path":"C:\\Users\\wills\\Documents\\GitHub\\sr10\\Projet\\myapp\\model\\offres.js","statementMap":{"0":{"start":{"line":1,"column":9},"end":{"line":1,"column":27}},"1":{"start":{"line":3,"column":0},"end":{"line":312,"column":1}},"2":{"start":{"line":6,"column":8},"end":{"line":10,"column":11}},"3":{"start":{"line":8,"column":12},"end":{"line":8,"column":31}},"4":{"start":{"line":8,"column":21},"end":{"line":8,"column":31}},"5":{"start":{"line":9,"column":12},"end":{"line":9,"column":30}},"6":{"start":{"line":14,"column":8},"end":{"line":18,"column":11}},"7":{"start":{"line":16,"column":12},"end":{"line":16,"column":31}},"8":{"start":{"line":16,"column":21},"end":{"line":16,"column":31}},"9":{"start":{"line":17,"column":12},"end":{"line":17,"column":30}},"10":{"start":{"line":22,"column":8},"end":{"line":34,"column":11}},"11":{"start":{"line":23,"column":12},"end":{"line":23,"column":31}},"12":{"start":{"line":23,"column":21},"end":{"line":23,"column":31}},"13":{"start":{"line":24,"column":30},"end":{"line":24,"column":67}},"14":{"start":{"line":25,"column":27},"end":{"line":25,"column":45}},"15":{"start":{"line":26,"column":12},"end":{"line":33,"column":15}},"16":{"start":{"line":27,"column":12},"end":{"line":27,"column":31}},"17":{"start":{"line":27,"column":21},"end":{"line":27,"column":31}},"18":{"start":{"line":28,"column":12},"end":{"line":32,"column":15}},"19":{"start":{"line":38,"column":8},"end":{"line":50,"column":11}},"20":{"start":{"line":39,"column":12},"end":{"line":39,"column":31}},"21":{"start":{"line":39,"column":21},"end":{"line":39,"column":31}},"22":{"start":{"line":40,"column":30},"end":{"line":40,"column":67}},"23":{"start":{"line":41,"column":27},"end":{"line":41,"column":45}},"24":{"start":{"line":42,"column":12},"end":{"line":49,"column":15}},"25":{"start":{"line":43,"column":12},"end":{"line":43,"column":31}},"26":{"start":{"line":43,"column":21},"end":{"line":43,"column":31}},"27":{"start":{"line":44,"column":12},"end":{"line":48,"column":15}},"28":{"start":{"line":54,"column":8},"end":{"line":66,"column":11}},"29":{"start":{"line":55,"column":12},"end":{"line":55,"column":31}},"30":{"start":{"line":55,"column":21},"end":{"line":55,"column":31}},"31":{"start":{"line":56,"column":30},"end":{"line":56,"column":67}},"32":{"start":{"line":57,"column":27},"end":{"line":57,"column":45}},"33":{"start":{"line":58,"column":12},"end":{"line":65,"column":15}},"34":{"start":{"line":59,"column":12},"end":{"line":59,"column":31}},"35":{"start":{"line":59,"column":21},"end":{"line":59,"column":31}},"36":{"start":{"line":60,"column":12},"end":{"line":64,"column":15}},"37":{"start":{"line":70,"column":8},"end":{"line":82,"column":11}},"38":{"start":{"line":71,"column":12},"end":{"line":71,"column":31}},"39":{"start":{"line":71,"column":21},"end":{"line":71,"column":31}},"40":{"start":{"line":72,"column":30},"end":{"line":72,"column":67}},"41":{"start":{"line":73,"column":27},"end":{"line":73,"column":45}},"42":{"start":{"line":74,"column":12},"end":{"line":81,"column":15}},"43":{"start":{"line":75,"column":12},"end":{"line":75,"column":31}},"44":{"start":{"line":75,"column":21},"end":{"line":75,"column":31}},"45":{"start":{"line":76,"column":12},"end":{"line":80,"column":15}},"46":{"start":{"line":86,"column":8},"end":{"line":98,"column":11}},"47":{"start":{"line":87,"column":12},"end":{"line":87,"column":31}},"48":{"start":{"line":87,"column":21},"end":{"line":87,"column":31}},"49":{"start":{"line":88,"column":30},"end":{"line":88,"column":67}},"50":{"start":{"line":89,"column":27},"end":{"line":89,"column":45}},"51":{"start":{"line":90,"column":12},"end":{"line":97,"column":15}},"52":{"start":{"line":91,"column":12},"end":{"line":91,"column":31}},"53":{"start":{"line":91,"column":21},"end":{"line":91,"column":31}},"54":{"start":{"line":92,"column":12},"end":{"line":96,"column":15}},"55":{"start":{"line":102,"column":8},"end":{"line":114,"column":15}},"56":{"start":{"line":103,"column":12},"end":{"line":103,"column":31}},"57":{"start":{"line":103,"column":21},"end":{"line":103,"column":31}},"58":{"start":{"line":104,"column":30},"end":{"line":104,"column":67}},"59":{"start":{"line":105,"column":27},"end":{"line":105,"column":45}},"60":{"start":{"line":106,"column":12},"end":{"line":113,"column":19}},"61":{"start":{"line":107,"column":16},"end":{"line":107,"column":35}},"62":{"start":{"line":107,"column":25
[...]
nd":{"line":525,"column":38}},"loc":{"start":{"line":525,"column":63},"end":{"line":534,"column":1}},"line":525},"69":{"name":"(anonymous_69)","decl":{"start":{"line":527,"column":37},"end":{"line":527,"column":38}},"loc":{"start":{"line":527,"column":60},"end":{"line":533,"column":3}},"line":527},"70":{"name":"(anonymous_70)","decl":{"start":{"line":529,"column":59},"end":{"line":529,"column":60}},"loc":{"start":{"line":529,"column":82},"end":{"line":531,"column":5}},"line":529}},"branchMap":{"0":{"loc":{"start":{"line":16,"column":6},"end":{"line":17,"column":31}},"type":"if","locations":[{"start":{"line":16,"column":6},"end":{"line":17,"column":31}},{"start":{"line":17,"column":11},"end":{"line":17,"column":31}}],"line":16},"1":{"loc":{"start":{"line":34,"column":18},"end":{"line":34,"column":38}},"type":"binary-expr","locations":[{"start":{"line":34,"column":18},"end":{"line":34,"column":33}},{"start":{"line":34,"column":37},"end":{"line":34,"column":38}}],"line":34},"2":{"loc":{"start":{"line":35,"column":17},"end":{"line":35,"column":46}},"type":"binary-expr","locations":[{"start":{"line":35,"column":17},"end":{"line":35,"column":41}},{"start":{"line":35,"column":45},"end":{"line":35,"column":46}}],"line":35},"3":{"loc":{"start":{"line":47,"column":30},"end":{"line":47,"column":59}},"type":"binary-expr","locations":[{"start":{"line":47,"column":30},"end":{"line":47,"column":44}},{"start":{"line":47,"column":48},"end":{"line":47,"column":59}}],"line":47},"4":{"loc":{"start":{"line":55,"column":18},"end":{"line":55,"column":38}},"type":"binary-expr","locations":[{"start":{"line":55,"column":18},"end":{"line":55,"column":33}},{"start":{"line":55,"column":37},"end":{"line":55,"column":38}}],"line":55},"5":{"loc":{"start":{"line":56,"column":17},"end":{"line":56,"column":46}},"type":"binary-expr","locations":[{"start":{"line":56,"column":17},"end":{"line":56,"column":41}},{"start":{"line":56,"column":45},"end":{"line":56,"column":46}}],"line":56},"6":{"loc":{"start":{"line":58,"column":18},"end":{"line":58,"column":57}},"type":"binary-expr","locations":[{"start":{"line":58,"column":18},"end":{"line":58,"column":42}},{"start":{"line":58,"column":46},"end":{"line":58,"column":57}}],"line":58},"7":{"loc":{"start":{"line":67,"column":30},"end":{"line":67,"column":59}},"type":"binary-expr","locations":[{"start":{"line":67,"column":30},"end":{"line":67,"column":44}},{"start":{"line":67,"column":48},"end":{"line":67,"column":59}}],"line":67},"8":{"loc":{"start":{"line":75,"column":18},"end":{"line":75,"column":38}},"type":"binary-expr","locations":[{"start":{"line":75,"column":18},"end":{"line":75,"column":33}},{"start":{"line":75,"column":37},"end":{"line":75,"column":38}}],"line":75},"9":{"loc":{"start":{"line":76,"column":17},"end":{"line":76,"column":46}},"type":"binary-expr","locations":[{"start":{"line":76,"column":17},"end":{"line":76,"column":41}},{"start":{"line":76,"column":45},"end":{"line":76,"column":46}}],"line":76},"10":{"loc":{"start":{"line":77,"column":4},"end":{"line":103,"column":5}},"type":"if","locations":[{"start":{"line":77,"column":4},"end":{"line":103,"column":5}},{"start":{"line":89,"column":11},"end":{"line":103,"column":5}}],"line":77},"11":{"loc":{"start":{"line":87,"column":32},"end":{"line":87,"column":61}},"type":"binary-expr","locations":[{"start":{"line":87,"column":32},"end":{"line":87,"column":46}},{"start":{"line":87,"column":50},"end":{"line":87,"column":61}}],"line":87},"12":{"loc":{"start":{"line":89,"column":11},"end":{"line":103,"column":5}},"type":"if","locations":[{"start":{"line":89,"column":11},"end":{"line":103,"column":5}},{"start":{"line":101,"column":11},"end":{"line":103,"column":5}}],"line":89},"13":{"loc":{"start":{"line":99,"column":32},"end":{"line":99,"column":61}},"type":"binary-expr","locations":[{"start":{"line":99,"column":32},"end":{"line":99,"column":46}},{"start":{"line":99,"column":50},"end":{"line":99,"column":61}}],"line":99},"14":{"loc":{"start":{"line":109,"column":18},"end":{"line":109,"column":38}},"type":"binary-expr","locations":[{"start":{"line":109,"column":18},"end":{"line":109,"column":33}},{"start":{"line":109,"column":37},"end":{"line":109,"column":38}}],"line":109},"15":{"loc":{"start":{"line":110,"column":17},"end":{"line":110,"column":46}},"type":"binary-expr","locations":[{"start":{"line":110,"column":17},"end":{"line":110,"column":41}},{"start":{"line":110,"column":45},"end":{"line":110,"column":46}}],"line":110},"16":{"loc":{"start":{"line":120,"column":30},"end":{"line":120,"column":59}},"type":"binary-expr","locations":[{"start":{"line":120,"column":30},"end":{"line":120,"column":44}},{"start":{"line":120,"column":48},"end":{"line":120,"column":59}}],"line":120},"17":{"loc":{"start":{"line":141,"column":16},"end":{"line":141,"column":36}},"type":"binary-expr","locations":[{"start":{"line":141,"column":16},"end":{"line":141,"column":31}},{"start":{"line":141,"column":35},"end":{"line":141,"column":36}}],"line":141},"18":{"loc":{"start":{"line":142,"column":15},"end":{"line":142,"column":44}},"type":"binary-expr","locations":[{"start":{"line":142,"column":15},"end":{"line":142,"column":39}},{"start":{"line":142,"column":43},"end":{"line":142,"column":44}}],"line":142},"19":{"loc":{"start":{"line":154,"column":28},"end":{"line":154,"column":57}},"type":"binary-expr","locations":[{"start":{"line":154,"column":28},"end":{"line":154,"column":42}},{"start":{"line":154,"column":46},"end":{"line":154,"column":57}}],"line":154},"20":{"loc":{"start":{"line":162,"column":16},"end":{"line":162,"column":36}},"type":"binary-expr","locations":[{"start":{"line":162,"column":16},"end":{"line":162,"column":31}},{"start":{"line":162,"column":35},"end":{"line":162,"column":36}}],"line":162},"21":{"loc":{"start":{"line":163,"column":15},"end":{"line":163,"column":44}},"type":"binary-expr","locations":[{"start":{"line":163,"column":15},"end":{"line":163,"column":39}},{"start":{"line":163,"column":43},"end":{"line":163,"column":44}}],"line":163},"22":{"loc":{"start":{"line":175,"column":28},"end":{"line":175,"column":57}},"type":"binary-expr","locations":[{"start":{"line":175,"column":28},"end":{"line":175,"column":42}},{"start":{"line":175,"column":46},"end":{"line":175,"column":57}}],"line":175},"23":{"loc":{"start":{"line":183,"column":16},"end":{"line":183,"column":36}},"type":"binary-expr","locations":[{"start":{"line":183,"column":16},"end":{"line":183,"column":31}},{"start":{"line":183,"column":35},"end":{"line":183,"column":36}}],"line":183},"24":{"loc":{"start":{"line":184,"column":15},"end":{"line":184,"column":44}},"type":"binary-expr","locations":[{"start":{"line":184,"column":15},"end":{"line":184,"column":39}},{"start":{"line":184,"column":43},"end":{"line":184,"column":44}}],"line":184},"25":{"loc":{"start":{"line":185,"column":2},"end":{"line":211,"column":3}},"type":"if","locations":[{"start":{"line":185,"column":2},"end":{"line":211,"column":3}},{"start":{"line":197,"column":9},"end":{"line":211,"column":3}}],"line":185},"26":{"loc":{"start":{"line":195,"column":30},"end":{"line":195,"column":59}},"type":"binary-expr","locations":[{"start":{"line":195,"column":30},"end":{"line":195,"column":44}},{"start":{"line":195,"column":48},"end":{"line":195,"column":59}}],"line":195},"27":{"loc":{"start":{"line":197,"column":9},"end":{"line":211,"column":3}},"type":"if","locations":[{"start":{"line":197,"column":9},"end":{"line":211,"column":3}},{"start":{"line":209,"column":9},"end":{"line":211,"column":3}}],"line":197},"28":{"loc":{"start":{"line":207,"column":30},"end":{"line":207,"column":59}},"type":"binary-expr","locations":[{"start":{"line":207,"column":30},"end":{"line":207,"column":44}},{"start":{"line":207,"column":48},"end":{"line":207,"column":59}}],"line":207},"29":{"loc":{"start":{"line":217,"column":16},"end":{"line":217,"column":36}},"type":"binary-expr","locations":[{"start":{"line":217,"column":16},"end":{"line":217,"column":31}},{"start":{"line":217,"column":35},"end":{"line":217,"column":36}}],"line":217},"30":{"loc":{"start":{"line":218,"column":15},"end":{"line":218,"column":44}},"type":"binary-expr","locations":[{"start":{"line":218,"column":15},"end":{"line":218,"column":39}},{"start":{"line":218,"column":43},"end":{"line":218,"column":44}}],"line":218},"31":{"loc":{"start":{"line":230,"column":28},"end":{"line":230,"column":57}},"type":"binary-expr","locations":[{"start":{"line":230,"column":28},"end":{"line":230,"column":42}},{"start":{"line":230,"column":46},"end":{"line":230,"column":57}}],"line":230},"32":{"loc":{"start":{"line":259,"column":4},"end":{"line":276,"column":5}},"type":"if","locations":[{"start":{"line":259,"column":4},"end":{"line":276,"column":5}},{"start":{"line":261,"column":11},"end":{"line":276,"column":5}}],"line":259},"33":{"loc":{"start":{"line":265,"column":8},"end":{"line":265,"column":27}},"type":"if","locations":[{"start":{"line":265,"column":8},"end":{"line":265,"column":27}},{"start":{},"end":{}}],"line":265},"34":{"loc":{"start":{"line":271,"column":10},"end":{"line":271,"column":29}},"type":"if","locations":[{"start":{"line":271,"column":10},"end":{"line":271,"column":29}},{"start":{},"end":{}}],"line":271},"35":{"loc":{"start":{"line":285,"column":6},"end":{"line":291,"column":7}},"type":"if","locations":[{"start":{"line":285,"column":6},"end":{"line":291,"column":7}},{"start":{"line":289,"column":13},"end":{"line":291,"column":7}}],"line":285},"36":{"loc":{"start":{"line":312,"column":16},"end":{"line":312,"column":36}},"type":"binary-expr","locations":[{"start":{"line":312,"column":16},"end":{"line":312,"column":31}},{"start":{"line":312,"column":35},"end":{"line":312,"column":36}}],"line":312},"37":{"loc":{"start":{"line":313,"column":15},"end":{"line":313,"column":44}},"type":"binary-expr","locations":[{"start":{"line":313,"column":15},"end":{"line":313,"column":39}},{"start":{"line":313,"column":43},"end":{"line":313,"column":44}}],"line":313},"38":{"loc":{"start":{"line":326,"column":28},"end":{"line":326,"column":57}},"type":"binary-expr","locations":[{"start":{"line":326,"column":28},"end":{"line":326,"column":42}},{"start":{"line":326,"column":46},"end":{"line":326,"column":57}}],"line":326},"39":{"loc":{"start":{"line":335,"column":16},"end":{"line":335,"column":36}},"type":"binary-expr","locations":[{"start":{"line":335,"column":16},"end":{"line":335,"column":31}},{"start":{"line":335,"column":35},"end":{"line":335,"column":36}}],"line":335},"40":{"loc":{"start":{"line":336,"column":15},"end":{"line":336,"column":44}},"type":"binary-expr","locations":[{"start":{"line":336,"column":15},"end":{"line":336,"column":39}},{"start":{"line":336,"column":43},"end":{"line":336,"column":44}}],"line":336},"41":{"loc":{"start":{"line":349,"column":28},"end":{"line":349,"column":57}},"type":"binary-expr","locations":[{"start":{"line":349,"column":28},"end":{"line":349,"column":42}},{"start":{"line":349,"column":46},"end":{"line":349,"column":57}}],"line":349},"42":{"loc":{"start":{"line":358,"column":16},"end":{"line":358,"column":36}},"type":"binary-expr","locations":[{"start":{"line":358,"column":16},"end":{"line":358,"column":31}},{"start":{"line":358,"column":35},"end":{"line":358,"column":36}}],"line":358},"43":{"loc":{"start":{"line":359,"column":15},"end":{"line":359,"column":44}},"type":"binary-expr","locations":[{"start":{"line":359,"column":15},"end":{"line":359,"column":39}},{"start":{"line":359,"column":43},"end":{"line":359,"column":44}}],"line":359},"44":{"loc":{"start":{"line":360,"column":2},"end":{"line":388,"column":3}},"type":"if","locations":[{"start":{"line":360,"column":2},"end":{"line":388,"column":3}},{"start":{"line":373,"column":9},"end":{"line":388,"column":3}}],"line":360},"45":{"loc":{"start":{"line":371,"column":30},"end":{"line":371,"column":59}},"type":"binary-expr","locations":[{"start":{"line":371,"column":30},"end":{"line":371,"column":44}},{"start":{"line":371,"column":48},"end":{"line":371,"column":59}}],"line":371},"46":{"loc":{"start":{"line":373,"column":9},"end":{"line":388,"column":3}},"type":"if","locations":[{"start":{"line":373,"column":9},"end":{"line":388,"column":3}},{"start":{"line":386,"column":9},"end":{"line":388,"column":3}}],"line":373},"47":{"loc":{"start":{"line":384,"column":30},"end":{"line":384,"column":59}},"type":"binary-expr","locations":[{"start":{"line":384,"column":30},"end":{"line":384,"column":44}},{"start":{"line":384,"column":48},"end":{"line":384,"column":59}}],"line":384},"48":{"loc":{"start":{"line":395,"column":16},"end":{"line":395,"column":36}},"type":"binary-expr","locations":[{"start":{"line":395,"column":16},"end":{"line":395,"column":31}},{"start":{"line":395,"column":35},"end":{"line":395,"column":36}}],"line":395},"49":{"loc":{"start":{"line":396,"column":15},"end":{"line":396,"column":44}},"type":"binary-expr","locations":[{"start":{"line":396,"column":15},"end":{"line":396,"column":39}},{"start":{"line":396,"column":43},"end":{"line":396,"column":44}}],"line":396},"50":{"loc":{"start":{"line":409,"column":28},"end":{"line":409,"column":57}},"type":"binary-expr","locations":[{"start":{"line":409,"column":28},"end":{"line":409,"column":42}},{"start":{"line":409,"column":46},"end":{"line":409,"column":57}}],"line":409},"51":{"loc":{"start":{"line":418,"column":16},"end":{"line":418,"column":36}},"type":"binary-expr","locations":[{"start":{"line":418,"column":16},"end":{"line":418,"column":31}},{"start":{"line":418,"column":35},"end":{"line":418,"column":36}}],"line":418},"52":{"loc":{"start":{"line":419,"column":15},"end":{"line":419,"column":44}},"type":"binary-expr","locations":[{"start":{"line":419,"column":15},"end":{"line":419,"column":39}},{"start":{"line":419,"column":43},"end":{"line":419,"column":44}}],"line":419},"53":{"loc":{"start":{"line":432,"column":28},"end":{"line":432,"column":57}},"type":"binary-expr","locations":[{"start":{"line":432,"column":28},"end":{"line":432,"column":42}},{"start":{"line":432,"column":46},"end":{"line":432,"column":57}}],"line":432},"54":{"loc":{"start":{"line":462,"column":4},"end":{"line":469,"column":5}},"type":"if","locations":[{"start":{"line":462,"column":4},"end":{"line":469,"column":5}},{"start":{},"end":{}}],"line":462},"55":{"loc":{"start":{"line":464,"column":8},"end":{"line":464,"column":27}},"type":"if","locations":[{"start":{"line":464,"column":8},"end":{"line":464,"column":27}},{"start":{},"end":{}}],"line":464},"56":{"loc":{"start":{"line":467,"column":8},"end":{"line":467,"column":27}},"type":"if","locations":[{"start":{"line":467,"column":8},"end":{"line":467,"column":27}},{"start":{},"end":{}}],"line":467},"57":{"loc":{"start":{"line":477,"column":4},"end":{"line":477,"column":23}},"type":"if","locations":[{"start":{"line":477,"column":4},"end":{"line":477,"column":23}},{"start":{},"end":{}}],"line":477},"58":{"loc":{"start":{"line":489,"column":16},"end":{"line":489,"column":36}},"type":"binary-expr","locations":[{"start":{"line":489,"column":16},"end":{"line":489,"column":31}},{"start":{"line":489,"column":35},"end":{"line":489,"column":36}}],"line":489},"59":{"loc":{"start":{"line":490,"column":15},"end":{"line":490,"column":44}},"type":"binary-expr","locations":[{"start":{"line":490,"column":15},"end":{"line":490,"column":39}},{"start":{"line":490,"column":43},"end":{"line":490,"column":44}}],"line":490},"60":{"loc":{"start":{"line":498,"column":26},"end":{"line":498,"column":55}},"type":"binary-expr","locations":[{"start":{"line":498,"column":26},"end":{"line":498,"column":40}},{"start":{"line":498,"column":44},"end":{"line":498,"column":55}}],"line":498},"61":{"loc":{"start":{"line":509,"column":4},"end":{"line":509,"column":23}},"type":"if","locations":[{"start":{"line":509,"column":4},"end":{"line":509,"column":23}},{"start":{},"end":{}}],"line":509},"62":{"loc":{"start":{"line":517,"column":4},"end":{"line":517,"column":23}},"type":"if","locations":[{"start":{"line":517,"column":4},"end":{"line":517,"column":23}},{"start":{},"end":{}}],"line":517},"63":{"loc":{"start":{"line":519,"column":6},"end":{"line":519,"column":25}},"type":"if","locations":[{"start":{"line":519,"column":6},"end":{"line":519,"column":25}},{"start":{},"end":{}}],"line":519},"64":{"loc":{"start":{"line":528,"column":4},"end":{"line":528,"column":23}},"type":"if","locations":[{"start":{"line":528,"column":4},"end":{"line":528,"column":23}},{"start":{},"end":{}}],"line":528},"65":{"loc":{"start":{"line":530,"column":6},"end":{"line":530,"column":25}},"type":"if","locations":[{"start":{"line":530,"column":6},"end":{"line":530,"column":25}},{"start":{},"end":{}}],"line":530}},"s":{"0":1,"1":1,"2":1,"3":1,"4":1,"5":1,"6":1,"7":1,"8":1,"9":1,"10":1,"11":0,"12":0,"13":0,"14":0,"15":0,"16":0,"17":0,"18":0,"19":1,"20":1,"21":1,"22":1,"23":0,"24":0,"25":0,"26":0,"27":0,"28":0,"29":0,"30":0,"31":1,"32":0,"33":0,"34":0,"35":0,"36":0,"37":0,"38":0,"39":1,"40":0,"41":0,"42":0,"43":0,"44":0,"45":0,"46":0,"47":0,"48":0,"49":0,"50":1,"51":0,"52":0,"53":0,"54":0,"55":0,"56":0,"57":1,"58":0,"59":0,"60":0,"61":1,"62":0,"63":0,"64":0,"65":1,"66":0,"67":0,"68":0,"69":0,"70":0,"71":0,"72":0,"73":0,"74":1,"75":0,"76":0,"77":0,"78":0,"79":0,"80":0,"81":0,"82":0,"83":1,"84":0,"85":0,"86":0,"87":0,"88":0,"89":0,"90":0,"91":0,"92":0,"93":0,"94":1,"95":0,"96":0,"97":0,"98":0,"99":0,"100":0,"101":0,"102":0,"103":1,"104":0,"105":0,"106":0,"107":0,"108":1,"109":0,"110":0,"111":0,"112":1,"113":0,"114":0,"115":0,"116":0,"117":0,"118":0,"119":0,"120":0,"121":0,"122":0,"123":0,"124":0,"125":0,"126":0,"127":0,"128":0,"129":1,"130":0,"131":0,"132":0,"133":0,"134":0,"135":0,"136":0,"137":0,"138":1,"139":0,"140":0,"141":0,"142":1,"143":1,"144":1,"145":0,"146":0,"147":0,"148":0,"149":0,"150":0,"151":0,"152":0,"153":0,"154":1,"155":0,"156":0,"157":0,"158":0,"159":0,"160":0,"161":0,"162":0,"163":0,"164":1,"165":0,"166":0,"167":0,"168":0,"169":0,"170":0,"171":0,"172":0,"173":0,"174":0,"175":0,"176":1,"177":0,"178":0,"179":0,"180":0,"181":0,"182":0,"183":0,"184":0,"185":0,"186":1,"187":0,"188":0,"189":0,"190":0,"191":0,"192":0,"193":0,"194":0,"195":0,"196":1,"197":1,"198":1,"199":1,"200":1,"201":1,"202":1,"203":0,"204":0,"205":0,"206":0,"207":0,"208":0,"209":0,"210":0,"211":0,"212":0,"213":0,"214":0,"215":0,"216":0,"217":0,"218":0,"219":0,"220":0,"221":0,"222":0,"223":0,"224":0,"225":1,"226":0,"227":0,"228":0,"229":0,"230":0,"231":1,"232":1,"233":1,"234":1,"235":1,"236":0,"237":0,"238":0,"239":0,"240":1,"241":0,"242":0,"243":0,"244":0,"245":0,"246":0,"247":0,"248":0,"249":1,"250":0,"251":0,"252":0,"253":0,"254":0,"255":0,"256":0,"257":0,"258":1,"259":0,"260":0,"261":0,"262":0,"263":0,"264":0,"265":0,"266":0,"267":1},"f":{"0":0,"1":0,"2":0,"3":1,"4":0,"5":0,"6":0,"7":0,"8":0,"9":0,"10":0,"11":0,"12":0,"13":0,"14":0,"15":0,"16":0,"17":0,"18":0,"19":0,"20":0,"21":0,"22":0,"23":0,"24":0,"25":0,"26":0,"27":0,"28":0,"29":0,"30":0,"31":0,"32":0,"33":0,"34":0,"35":0,"36":0,"37":0,"38":0,"39":1,"40":0,"41":0,"42":0,"43":0,"44":0,"45":0,"46":0,"47":0,"48":0,"49":0,"50":0,"51":1,"52":1,"53":1,"54":0,"55":0,"56":0,"57":0,"58":0,"59":1,"60":1,"61":0,"62":0,"63":0,"64":0,"65":0,"66":0,"67":0,"68":0,"69":0,"70":0},"b":{"0":[0,0],"1":[0,0],"2":[0,0],"3":[0,0],"4":[0,0],"5":[0,0],"6":[0,0],"7":[0,0],"8":[0,0],"9":[0,0],"10":[0,0],"11":[0,0],"12":[0,0],"13":[0,0],"14":[0,0],"15":[0,0],"16":[0,0],"17":[0,0],"18":[0,0],"19":[0,0],"20":[0,0],"21":[0,0],"22":[0,0],"23":[0,0],"24":[0,0],"25":[0,0],"26":[0,0],"27":[0,0],"28":[0,0],"29":[0,0],"30":[0,0],"31":[0,0],"32":[0,0],"33":[0,0],"34":[0,0],"35":[0,0],"36":[0,0],"37":[0,0],"38":[0,0],"39":[0,0],"40":[0,0],"41":[0,0],"42":[0,0],"43":[0,0],"44":[0,0],"45":[0,0],"46":[0,0],"47":[0,0],"48":[0,0],"49":[0,0],"50":[0,0],"51":[0,0],"52":[0,0],"53":[0,0],"54":[0,0],"55":[0,0],"56":[0,0],"57":[0,0],"58":[0,0],"59":[0,0],"60":[0,0],"61":[0,0],"62":[0,0],"63":[0,0],"64":[0,0],"65":[0,0]},"_coverageSchema":"1a1c01bbd47fc00a2c39e90264f33305004495a9","hash":"d018637c917c6b010fe7a9b1ade94473dc8e21a7"}
}
