TN:
SF:app.js
FN:32,(anonymous_0)
FN:33,(anonymous_1)
FN:70,(anonymous_2)
FN:75,(anonymous_3)
FNF:4
FNH:2
FNDA:1,(anonymous_0)
FNDA:1,(anonymous_1)
FNDA:0,(anonymous_2)
FNDA:0,(anonymous_3)
DA:1,1
DA:2,1
DA:3,1
DA:4,1
DA:5,1
DA:6,1
DA:8,1
DA:9,1
DA:10,1
DA:11,1
DA:12,1
DA:14,1
DA:16,1
DA:18,1
DA:20,1
DA:22,1
DA:32,1
DA:33,1
DA:34,1
DA:35,1
DA:48,1
DA:49,1
DA:51,1
DA:52,1
DA:53,1
DA:54,1
DA:55,1
DA:57,1
DA:59,1
DA:61,1
DA:62,1
DA:63,1
DA:64,1
DA:66,1
DA:70,1
DA:71,0
DA:75,1
DA:77,0
DA:78,0
DA:81,0
DA:82,0
DA:85,1
LF:42
LH:37
BRDA:34,0,0,0
BRDA:34,0,1,1
BRDA:78,1,0,0
BRDA:78,1,1,0
BRDA:81,2,0,0
BRDA:81,2,1,0
BRF:6
BRH:1
end_of_record
TN:
SF:model\admin.js
FN:3,(anonymous_0)
FN:4,(anonymous_1)
FN:10,(anonymous_2)
FN:11,(anonymous_3)
FN:16,(anonymous_4)
FN:17,(anonymous_5)
FN:22,(anonymous_6)
FN:23,(anonymous_7)
FN:28,(anonymous_8)
FN:29,(anonymous_9)
FN:34,(anonymous_10)
FN:35,(anonymous_11)
FN:40,(anonymous_12)
FN:41,(anonymous_13)
FN:46,(anonymous_14)
FN:47,(anonymous_15)
FN:52,(anonymous_16)
FN:54,(anonymous_17)
FN:63,(anonymous_18)
FNF:19
FNH:16
FNDA:1,(anonymous_0)
FNDA:1,(anonymous_1)
FNDA:1,(anonymous_2)
FNDA:1,(anonymous_3)
FNDA:1,(anonymous_4)
FNDA:1,(anonymous_5)
FNDA:1,(anonymous_6)
FNDA:1,(anonymous_7)
FNDA:1,(anonymous_8)
FNDA:1,(anonymous_9)
FNDA:1,(anonymous_10)
FNDA:1,(anonymous_11)
FNDA:1,(anonymous_12)
FNDA:1,(anonymous_13)
FNDA:1,(anonymous_14)
FNDA:1,(anonymous_15)
FNDA:0,(anonymous_16)
FNDA:0,(anonymous_17)
FNDA:0,(anonymous_18)
DA:1,1
DA:2,1
DA:4,1
DA:6,1
DA:7,1
DA:11,1
DA:12,1
DA:13,1
DA:17,1
DA:18,1
DA:19,1
DA:23,1
DA:24,1
DA:25,1
DA:29,1
DA:30,1
DA:31,1
DA:35,1
DA:36,1
DA:37,1
DA:41,1
DA:42,1
DA:43,1
DA:47,1
DA:48,1
DA:49,1
DA:53,0
DA:54,0
DA:55,0
DA:56,0
DA:57,0
DA:59,0
DA:65,0
LF:33
LH:26
BRDA:6,0,0,0
BRDA:6,0,1,1
BRDA:12,1,0,0
BRDA:12,1,1,1
BRDA:18,2,0,0
BRDA:18,2,1,1
BRDA:24,3,0,0
BRDA:24,3,1,1
BRDA:30,4,0,0
BRDA:30,4,1,1
BRDA:36,5,0,0
BRDA:36,5,1,1
BRDA:42,6,0,0
BRDA:42,6,1,1
BRDA:48,7,0,0
BRDA:48,7,1,1
BRDA:55,8,0,0
BRDA:55,8,1,0
BRDA:56,9,0,0
BRDA:56,9,1,0
BRDA:56,10,0,0
BRDA:56,10,1,0
BRF:22
BRH:8
end_of_record
TN:
SF:model\ajoute.js
FN:3,(anonymous_0)
FN:4,(anonymous_1)
FN:12,(anonymous_2)
FN:13,(anonymous_3)
FNF:4
FNH:0
FNDA:0,(anonymous_0)
FNDA:0,(anonymous_1)
FNDA:0,(anonymous_2)
FNDA:0,(anonymous_3)
DA:1,1
DA:2,1
DA:4,0
DA:5,0
DA:6,0
DA:8,0
DA:13,0
DA:14,0
DA:15,0
DA:17,0
LF:10
LH:2
BRDA:5,0,0,0
BRDA:5,0,1,0
BRDA:14,1,0,0
BRDA:14,1,1,0
BRF:4
BRH:0
end_of_record
TN:
SF:model\candidat.js
FN:4,(anonymous_0)
FN:5,(anonymous_1)
FN:11,(anonymous_2)
FN:12,(anonymous_3)
FN:18,(anonymous_4)
FN:19,(anonymous_5)
FN:24,(anonymous_6)
FN:25,(anonymous_7)
FN:30,(anonymous_8)
FN:31,(anonymous_9)
FN:36,(anonymous_10)
FN:37,(anonymous_11)
FN:42,(anonymous_12)
FN:43,(anonymous_13)
FN:49,(anonymous_14)
FN:50,(anonymous_15)
FN:55,(anonymous_16)
FN:56,(anonymous_17)
FN:61,(anonymous_18)
FN:62,(anonymous_19)
FN:67,(anonymous_20)
FN:68,(anonymous_21)
FN:73,(anonymous_22)
FN:74,(anonymous_23)
FN:79,(anonymous_24)
FN:80,(anonymous_25)
FN:85,(anonymous_26)
FN:86,(anonymous_27)
FN:93,(anonymous_28)
FN:94,(anonymous_29)
FN:98,(anonymous_30)
FN:109,(anonymous_31)
FN:110,(anonymous_32)
FN:114,(anonymous_33)
FN:125,(anonymous_34)
FN:126,(anonymous_35)
FN:130,(anonymous_36)
FN:141,(anonymous_37)
FN:142,(anonymous_38)
FN:146,(anonymous_39)
FN:157,(anonymous_40)
FN:158,(anonymous_41)
FN:162,(anonymous_42)
FN:173,(anonymous_43)
FN:174,(anonymous_44)
FN:180,(anonymous_45)
FN:181,(anonymous_46)
FN:185,(anonymous_47)
FN:197,(anonymous_48)
FN:198,(anonymous_49)
FN:205,(anonymous_50)
FN:206,(anonymous_51)
FN:210,(anonymous_52)
FN:229,(anonymous_53)
FN:232,(anonymous_54)
FN:239,(anonymous_55)
FN:240,(anonymous_56)
FN:247,(anonymous_57)
FN:248,(anonymous_58)
FN:255,(anonymous_59)
FN:256,(anonymous_60)
FN:263,(anonymous_61)
FN:264,(anonymous_62)
FN:271,(anonymous_63)
FN:272,(anonymous_64)
FN:279,(anonymous_65)
FN:280,(anonymous_66)
FNF:67
FNH:57
FNDA:3,(anonymous_0)
FNDA:3,(anonymous_1)
FNDA:1,(anonymous_2)
FNDA:1,(anonymous_3)
FNDA:1,(anonymous_4)
FNDA:1,(anonymous_5)
FNDA:0,(anonymous_6)
FNDA:0,(anonymous_7)
FNDA:1,(anonymous_8)
FNDA:1,(anonymous_9)
FNDA:1,(anonymous_10)
FNDA:1,(anonymous_11)
FNDA:1,(anonymous_12)
FNDA:1,(anonymous_13)
FNDA:1,(anonymous_14)
FNDA:1,(anonymous_15)
FNDA:0,(anonymous_16)
FNDA:0,(anonymous_17)
FNDA:1,(anonymous_18)
FNDA:1,(anonymous_19)
FNDA:1,(anonymous_20)
FNDA:1,(anonymous_21)
FNDA:1,(anonymous_22)
FNDA:1,(anonymous_23)
FNDA:1,(anonymous_24)
FNDA:1,(anonymous_25)
FNDA:1,(anonymous_26)
FNDA:1,(anonymous_27)
FNDA:0,(anonymous_28)
FNDA:0,(anonymous_29)
FNDA:0,(anonymous_30)
FNDA:1,(anonymous_31)
FNDA:1,(anonymous_32)
FNDA:1,(anonymous_33)
FNDA:2,(anonymous_34)
FNDA:2,(anonymous_35)
FNDA:2,(anonymous_36)
FNDA:1,(anonymous_37)
FNDA:1,(anonymous_38)
FNDA:1,(anonymous_39)
FNDA:1,(anonymous_40)
FNDA:1,(anonymous_41)
FNDA:1,(anonymous_42)
FNDA:1,(anonymous_43)
FNDA:1,(anonymous_44)
FNDA:0,(anonymous_45)
FNDA:0,(anonymous_46)
FNDA:0,(anonymous_47)
FNDA:1,(anonymous_48)
FNDA:1,(anonymous_49)
FNDA:1,(anonymous_50)
FNDA:1,(anonymous_51)
FNDA:1,(anonymous_52)
FNDA:2,(anonymous_53)
FNDA:2,(anonymous_54)
FNDA:2,(anonymous_55)
FNDA:2,(anonymous_56)
FNDA:1,(anonymous_57)
FNDA:1,(anonymous_58)
FNDA:1,(anonymous_59)
FNDA:1,(anonymous_60)
FNDA:2,(anonymous_61)
FNDA:2,(anonymous_62)
FNDA:1,(anonymous_63)
FNDA:1,(anonymous_64)
FNDA:1,(anonymous_65)
FNDA:1,(anonymous_66)
DA:1,2
DA:3,2
DA:5,3
DA:7,3
DA:8,3
DA:12,1
DA:13,1
DA:14,1
DA:19,1
DA:20,1
DA:21,1
DA:25,0
DA:26,0
DA:27,0
DA:31,1
DA:32,1
DA:33,1
DA:37,1
DA:38,1
DA:39,1
DA:43,1
DA:45,1
DA:46,1
DA:50,1
DA:51,1
DA:52,1
DA:56,0
DA:57,0
DA:58,0
DA:62,1
DA:63,1
DA:64,1
DA:68,1
DA:69,1
DA:70,1
DA:74,1
DA:75,1
DA:76,1
DA:80,1
DA:81,1
DA:82,1
DA:86,1
DA:87,1
DA:88,1
DA:94,0
DA:95,0
DA:96,0
DA:97,0
DA:98,0
DA:99,0
DA:100,0
DA:110,1
DA:111,1
DA:112,1
DA:113,1
DA:114,1
DA:115,1
DA:116,1
DA:126,2
DA:127,2
DA:128,2
DA:129,2
DA:130,2
DA:131,2
DA:132,2
DA:142,1
DA:143,1
DA:144,1
DA:145,1
DA:146,1
DA:147,1
DA:148,1
DA:158,1
DA:159,1
DA:160,1
DA:161,1
DA:162,1
DA:163,1
DA:164,1
DA:174,1
DA:175,1
DA:176,1
DA:181,0
DA:182,0
DA:183,0
DA:184,0
DA:185,0
DA:186,0
DA:187,0
DA:198,1
DA:199,1
DA:200,1
DA:206,1
DA:207,1
DA:208,1
DA:209,1
DA:210,1
DA:211,1
DA:212,1
DA:230,2
DA:231,2
DA:232,2
DA:233,2
DA:234,1
DA:236,1
DA:240,2
DA:241,2
DA:242,0
DA:244,2
DA:248,1
DA:249,1
DA:250,0
DA:252,1
DA:256,1
DA:257,1
DA:258,0
DA:260,1
DA:264,2
DA:265,2
DA:266,0
DA:268,2
DA:272,1
DA:273,1
DA:274,0
DA:276,1
DA:280,1
DA:281,1
DA:282,0
DA:284,1
LF:129
LH:103
BRDA:7,0,0,0
BRDA:7,0,1,3
BRDA:13,1,0,0
BRDA:13,1,1,1
BRDA:20,2,0,0
BRDA:20,2,1,1
BRDA:26,3,0,0
BRDA:26,3,1,0
BRDA:32,4,0,0
BRDA:32,4,1,1
BRDA:38,5,0,0
BRDA:38,5,1,1
BRDA:45,6,0,0
BRDA:45,6,1,1
BRDA:51,7,0,0
BRDA:51,7,1,1
BRDA:57,8,0,0
BRDA:57,8,1,0
BRDA:63,9,0,0
BRDA:63,9,1,1
BRDA:69,10,0,0
BRDA:69,10,1,1
BRDA:75,11,0,0
BRDA:75,11,1,1
BRDA:81,12,0,0
BRDA:81,12,1,1
BRDA:87,13,0,0
BRDA:87,13,1,1
BRDA:95,14,0,0
BRDA:95,14,1,0
BRDA:99,15,0,0
BRDA:99,15,1,0
BRDA:111,16,0,0
BRDA:111,16,1,1
BRDA:115,17,0,0
BRDA:115,17,1,1
BRDA:127,18,0,0
BRDA:127,18,1,2
BRDA:131,19,0,0
BRDA:131,19,1,2
BRDA:143,20,0,0
BRDA:143,20,1,1
BRDA:147,21,0,0
BRDA:147,21,1,1
BRDA:159,22,0,0
BRDA:159,22,1,1
BRDA:163,23,0,0
BRDA:163,23,1,1
BRDA:175,24,0,0
BRDA:175,24,1,1
BRDA:182,25,0,0
BRDA:182,25,1,0
BRDA:186,26,0,0
BRDA:186,26,1,0
BRDA:199,27,0,0
BRDA:199,27,1,1
BRDA:207,28,0,0
BRDA:207,28,1,1
BRDA:211,29,0,0
BRDA:211,29,1,1
BRDA:233,30,0,1
BRDA:233,30,1,1
BRDA:241,31,0,0
BRDA:241,31,1,2
BRDA:249,32,0,0
BRDA:249,32,1,1
BRDA:257,33,0,0
BRDA:257,33,1,1
BRDA:265,34,0,0
BRDA:265,34,1,2
BRDA:273,35,0,0
BRDA:273,35,1,1
BRDA:281,36,0,0
BRDA:281,36,1,1
BRF:74
BRH:32
end_of_record
TN:
SF:model\candidature.js
FN:3,(anonymous_0)
FN:4,(anonymous_1)
FN:10,(anonymous_2)
FN:11,(anonymous_3)
FN:17,(anonymous_4)
FN:18,(anonymous_5)
FN:24,(anonymous_6)
FN:25,(anonymous_7)
FN:30,(anonymous_8)
FN:31,(anonymous_9)
FN:37,(anonymous_10)
FN:38,(anonymous_11)
FN:44,(anonymous_12)
FN:45,(anonymous_13)
FN:52,(anonymous_14)
FN:53,(anonymous_15)
FN:57,(anonymous_16)
FN:68,(anonymous_17)
FN:69,(anonymous_18)
FN:73,(anonymous_19)
FN:84,(anonymous_20)
FN:85,(anonymous_21)
FN:89,(anonymous_22)
FN:101,(anonymous_23)
FN:102,(anonymous_24)
FN:106,(anonymous_25)
FN:117,(anonymous_26)
FN:118,(anonymous_27)
FN:122,(anonymous_28)
FN:138,(anonymous_29)
FN:139,(anonymous_30)
FN:145,(anonymous_31)
FN:146,(anonymous_32)
FN:152,(anonymous_33)
FN:153,(anonymous_34)
FN:158,(anonymous_35)
FN:159,(anonymous_36)
FN:165,(anonymous_37)
FN:166,(anonymous_38)
FN:173,(anonymous_39)
FN:174,(anonymous_40)
FN:182,(anonymous_41)
FN:183,(anonymous_42)
FNF:43
FNH:2
FNDA:0,(anonymous_0)
FNDA:0,(anonymous_1)
FNDA:0,(anonymous_2)
FNDA:0,(anonymous_3)
FNDA:0,(anonymous_4)
FNDA:0,(anonymous_5)
FNDA:0,(anonymous_6)
FNDA:0,(anonymous_7)
FNDA:0,(anonymous_8)
FNDA:0,(anonymous_9)
FNDA:0,(anonymous_10)
FNDA:0,(anonymous_11)
FNDA:1,(anonymous_12)
FNDA:1,(anonymous_13)
FNDA:0,(anonymous_14)
FNDA:0,(anonymous_15)
FNDA:0,(anonymous_16)
FNDA:0,(anonymous_17)
FNDA:0,(anonymous_18)
FNDA:0,(anonymous_19)
FNDA:0,(anonymous_20)
FNDA:0,(anonymous_21)
FNDA:0,(anonymous_22)
FNDA:0,(anonymous_23)
FNDA:0,(anonymous_24)
FNDA:0,(anonymous_25)
FNDA:0,(anonymous_26)
FNDA:0,(anonymous_27)
FNDA:0,(anonymous_28)
FNDA:0,(anonymous_29)
FNDA:0,(anonymous_30)
FNDA:0,(anonymous_31)
FNDA:0,(anonymous_32)
FNDA:0,(anonymous_33)
FNDA:0,(anonymous_34)
FNDA:0,(anonymous_35)
FNDA:0,(anonymous_36)
FNDA:0,(anonymous_37)
FNDA:0,(anonymous_38)
FNDA:0,(anonymous_39)
FNDA:0,(anonymous_40)
FNDA:0,(anonymous_41)
FNDA:0,(anonymous_42)
DA:1,2
DA:2,2
DA:4,0
DA:6,0
DA:7,0
DA:11,0
DA:13,0
DA:14,0
DA:18,0
DA:19,0
DA:20,0
DA:25,0
DA:26,0
DA:27,0
DA:31,0
DA:32,0
DA:33,0
DA:38,0
DA:39,0
DA:40,0
DA:45,1
DA:46,1
DA:47,1
DA:53,0
DA:54,0
DA:55,0
DA:56,0
DA:57,0
DA:58,0
DA:59,0
DA:69,0
DA:70,0
DA:71,0
DA:72,0
DA:73,0
DA:74,0
DA:75,0
DA:85,0
DA:86,0
DA:87,0
DA:88,0
DA:89,0
DA:90,0
DA:91,0
DA:102,0
DA:103,0
DA:104,0
DA:105,0
DA:106,0
DA:107,0
DA:108,0
DA:118,0
DA:119,0
DA:120,0
DA:121,0
DA:122,0
DA:123,0
DA:124,0
DA:139,0
DA:140,0
DA:141,0
DA:146,0
DA:147,0
DA:148,0
DA:153,0
DA:154,0
DA:155,0
DA:159,0
DA:160,0
DA:161,0
DA:166,0
DA:168,0
DA:169,0
DA:174,0
DA:175,0
DA:176,0
DA:178,0
DA:183,0
DA:184,0
DA:185,0
DA:187,0
LF:81
LH:5
BRDA:6,0,0,0
BRDA:6,0,1,0
BRDA:13,1,0,0
BRDA:13,1,1,0
BRDA:19,2,0,0
BRDA:19,2,1,0
BRDA:26,3,0,0
BRDA:26,3,1,0
BRDA:32,4,0,0
BRDA:32,4,1,0
BRDA:39,5,0,0
BRDA:39,5,1,0
BRDA:46,6,0,0
BRDA:46,6,1,1
BRDA:54,7,0,0
BRDA:54,7,1,0
BRDA:58,8,0,0
BRDA:58,8,1,0
BRDA:70,9,0,0
BRDA:70,9,1,0
BRDA:74,10,0,0
BRDA:74,10,1,0
BRDA:86,11,0,0
BRDA:86,11,1,0
BRDA:90,12,0,0
BRDA:90,12,1,0
BRDA:103,13,0,0
BRDA:103,13,1,0
BRDA:107,14,0,0
BRDA:107,14,1,0
BRDA:119,15,0,0
BRDA:119,15,1,0
BRDA:123,16,0,0
BRDA:123,16,1,0
BRDA:140,17,0,0
BRDA:140,17,1,0
BRDA:147,18,0,0
BRDA:147,18,1,0
BRDA:154,19,0,0
BRDA:154,19,1,0
BRDA:160,20,0,0
BRDA:160,20,1,0
BRDA:168,21,0,0
BRDA:168,21,1,0
BRDA:175,22,0,0
BRDA:175,22,1,0
BRDA:184,23,0,0
BRDA:184,23,1,0
BRF:48
BRH:1
end_of_record
TN:
SF:model\controle.js
FN:3,(anonymous_0)
FN:4,(anonymous_1)
FNF:2
FNH:0
FNDA:0,(anonymous_0)
FNDA:0,(anonymous_1)
DA:1,1
DA:2,1
DA:4,0
DA:5,0
DA:6,0
DA:8,0
LF:6
LH:2
BRDA:5,0,0,0
BRDA:5,0,1,0
BRF:2
BRH:0
end_of_record
TN:
SF:model\db.js
FNF:0
FNH:0
DA:1,1
DA:2,1
DA:9,1
LF:3
LH:3
BRF:0
BRH:0
end_of_record
TN:
SF:model\edite.js
FN:4,(anonymous_0)
FN:5,(anonymous_1)
FNF:2
FNH:0
FNDA:0,(anonymous_0)
FNDA:0,(anonymous_1)
DA:1,1
DA:3,1
DA:5,0
DA:6,0
DA:7,0
DA:9,0
LF:6
LH:2
BRDA:6,0,0,0
BRDA:6,0,1,0
BRF:2
BRH:0
end_of_record
TN:
SF:model\modifie.js
FN:3,(anonymous_0)
FN:4,(anonymous_1)
FNF:2
FNH:0
FNDA:0,(anonymous_0)
FNDA:0,(anonymous_1)
DA:1,1
DA:2,1
DA:4,0
DA:5,0
DA:6,0
DA:8,0
LF:6
LH:2
BRDA:5,0,0,0
BRDA:5,0,1,0
BRF:2
BRH:0
end_of_record
TN:
SF:model\offres.js
FN:5,(anonymous_0)
FN:6,(anonymous_1)
FN:13,(anonymous_2)
FN:14,(anonymous_3)
FN:21,(anonymous_4)
FN:22,(anonymous_5)
FN:26,(anonymous_6)
FN:37,(anonymous_7)
FN:38,(anonymous_8)
FN:42,(anonymous_9)
FN:53,(anonymous_10)
FN:54,(anonymous_11)
FN:58,(anonymous_12)
FN:69,(anonymous_13)
FN:70,(anonymous_14)
FN:74,(anonymous_15)
FN:85,(anonymous_16)
FN:86,(anonymous_17)
FN:90,(anonymous_18)
FN:101,(anonymous_19)
FN:102,(anonymous_20)
FN:106,(anonymous_21)
FN:117,(anonymous_22)
FN:118,(anonymous_23)
FN:122,(anonymous_24)
FN:133,(anonymous_25)
FN:134,(anonymous_26)
FN:138,(anonymous_27)
FN:149,(anonymous_28)
FN:150,(anonymous_29)
FN:154,(anonymous_30)
FN:166,(anonymous_31)
FN:167,(anonymous_32)
FN:171,(anonymous_33)
FN:192,(anonymous_34)
FN:193,(anonymous_35)
FN:199,(anonymous_36)
FN:200,(anonymous_37)
FN:206,(anonymous_38)
FN:207,(anonymous_39)
FN:214,(anonymous_40)
FN:215,(anonymous_41)
FN:222,(anonymous_42)
FN:223,(anonymous_43)
FN:230,(anonymous_44)
FN:231,(anonymous_45)
FN:238,(anonymous_46)
FN:239,(anonymous_47)
FN:246,(anonymous_48)
FN:247,(anonymous_49)
FN:254,(anonymous_50)
FN:255,(anonymous_51)
FN:263,(anonymous_52)
FN:264,(anonymous_53)
FN:271,(anonymous_54)
FN:272,(anonymous_55)
FN:278,(anonymous_56)
FN:279,(anonymous_57)
FN:286,(anonymous_58)
FN:287,(anonymous_59)
FN:295,(anonymous_60)
FN:296,(anonymous_61)
FN:304,(anonymous_62)
FN:305,(anonymous_63)
FNF:64
FNH:24
FNDA:1,(anonymous_0)
FNDA:1,(anonymous_1)
FNDA:5,(anonymous_2)
FNDA:5,(anonymous_3)
FNDA:2,(anonymous_4)
FNDA:2,(anonymous_5)
FNDA:2,(anonymous_6)
FNDA:1,(anonymous_7)
FNDA:1,(anonymous_8)
FNDA:1,(anonymous_9)
FNDA:1,(anonymous_10)
FNDA:1,(anonymous_11)
FNDA:1,(anonymous_12)
FNDA:2,(anonymous_13)
FNDA:2,(anonymous_14)
FNDA:2,(anonymous_15)
FNDA:0,(anonymous_16)
FNDA:0,(anonymous_17)
FNDA:0,(anonymous_18)
FNDA:0,(anonymous_19)
FNDA:0,(anonymous_20)
FNDA:0,(anonymous_21)
FNDA:0,(anonymous_22)
FNDA:0,(anonymous_23)
FNDA:0,(anonymous_24)
FNDA:0,(anonymous_25)
FNDA:0,(anonymous_26)
FNDA:0,(anonymous_27)
FNDA:0,(anonymous_28)
FNDA:0,(anonymous_29)
FNDA:0,(anonymous_30)
FNDA:0,(anonymous_31)
FNDA:0,(anonymous_32)
FNDA:0,(anonymous_33)
FNDA:0,(anonymous_34)
FNDA:0,(anonymous_35)
FNDA:1,(anonymous_36)
FNDA:1,(anonymous_37)
FNDA:1,(anonymous_38)
FNDA:1,(anonymous_39)
FNDA:1,(anonymous_40)
FNDA:1,(anonymous_41)
FNDA:1,(anonymous_42)
FNDA:1,(anonymous_43)
FNDA:0,(anonymous_44)
FNDA:0,(anonymous_45)
FNDA:0,(anonymous_46)
FNDA:0,(anonymous_47)
FNDA:0,(anonymous_48)
FNDA:0,(anonymous_49)
FNDA:0,(anonymous_50)
FNDA:0,(anonymous_51)
FNDA:0,(anonymous_52)
FNDA:0,(anonymous_53)
FNDA:0,(anonymous_54)
FNDA:0,(anonymous_55)
FNDA:0,(anonymous_56)
FNDA:0,(anonymous_57)
FNDA:0,(anonymous_58)
FNDA:0,(anonymous_59)
FNDA:0,(anonymous_60)
FNDA:0,(anonymous_61)
FNDA:0,(anonymous_62)
FNDA:0,(anonymous_63)
DA:1,2
DA:3,2
DA:6,1
DA:8,1
DA:9,1
DA:14,5
DA:16,5
DA:17,5
DA:22,2
DA:23,2
DA:24,2
DA:25,2
DA:26,2
DA:27,2
DA:28,2
DA:38,1
DA:39,1
DA:40,1
DA:41,1
DA:42,1
DA:43,1
DA:44,1
DA:54,1
DA:55,1
DA:56,1
DA:57,1
DA:58,1
DA:59,1
DA:60,1
DA:70,2
DA:71,2
DA:72,2
DA:73,2
DA:74,2
DA:75,2
DA:76,2
DA:86,0
DA:87,0
DA:88,0
DA:89,0
DA:90,0
DA:91,0
DA:92,0
DA:102,0
DA:103,0
DA:104,0
DA:105,0
DA:106,0
DA:107,0
DA:108,0
DA:118,0
DA:119,0
DA:120,0
DA:121,0
DA:122,0
DA:123,0
DA:124,0
DA:134,0
DA:135,0
DA:136,0
DA:137,0
DA:138,0
DA:139,0
DA:140,0
DA:150,0
DA:151,0
DA:152,0
DA:153,0
DA:154,0
DA:155,0
DA:156,0
DA:167,0
DA:168,0
DA:169,0
DA:170,0
DA:171,0
DA:172,0
DA:173,0
DA:193,0
DA:194,0
DA:195,0
DA:200,1
DA:201,1
DA:202,1
DA:207,1
DA:209,1
DA:210,1
DA:215,1
DA:217,1
DA:218,1
DA:223,1
DA:225,1
DA:226,1
DA:231,0
DA:233,0
DA:234,0
DA:239,0
DA:241,0
DA:242,0
DA:247,0
DA:249,0
DA:250,0
DA:255,0
DA:257,0
DA:258,0
DA:264,0
DA:266,0
DA:267,0
DA:272,0
DA:273,0
DA:274,0
DA:279,0
DA:280,0
DA:281,0
DA:287,0
DA:288,0
DA:289,0
DA:291,0
DA:296,0
DA:297,0
DA:298,0
DA:300,0
DA:305,0
DA:306,0
DA:307,0
DA:309,0
LF:126
LH:48
BRDA:8,0,0,0
BRDA:8,0,1,1
BRDA:16,1,0,0
BRDA:16,1,1,5
BRDA:23,2,0,0
BRDA:23,2,1,2
BRDA:27,3,0,0
BRDA:27,3,1,2
BRDA:39,4,0,0
BRDA:39,4,1,1
BRDA:43,5,0,0
BRDA:43,5,1,1
BRDA:55,6,0,0
BRDA:55,6,1,1
BRDA:59,7,0,0
BRDA:59,7,1,1
BRDA:71,8,0,0
BRDA:71,8,1,2
BRDA:75,9,0,0
BRDA:75,9,1,2
BRDA:87,10,0,0
BRDA:87,10,1,0
BRDA:91,11,0,0
BRDA:91,11,1,0
BRDA:103,12,0,0
BRDA:103,12,1,0
BRDA:107,13,0,0
BRDA:107,13,1,0
BRDA:119,14,0,0
BRDA:119,14,1,0
BRDA:123,15,0,0
BRDA:123,15,1,0
BRDA:135,16,0,0
BRDA:135,16,1,0
BRDA:139,17,0,0
BRDA:139,17,1,0
BRDA:151,18,0,0
BRDA:151,18,1,0
BRDA:155,19,0,0
BRDA:155,19,1,0
BRDA:168,20,0,0
BRDA:168,20,1,0
BRDA:172,21,0,0
BRDA:172,21,1,0
BRDA:194,22,0,0
BRDA:194,22,1,0
BRDA:201,23,0,0
BRDA:201,23,1,1
BRDA:209,24,0,0
BRDA:209,24,1,1
BRDA:217,25,0,0
BRDA:217,25,1,1
BRDA:225,26,0,0
BRDA:225,26,1,1
BRDA:233,27,0,0
BRDA:233,27,1,0
BRDA:241,28,0,0
BRDA:241,28,1,0
BRDA:249,29,0,0
BRDA:249,29,1,0
BRDA:257,30,0,0
BRDA:257,30,1,0
BRDA:266,31,0,0
BRDA:266,31,1,0
BRDA:273,32,0,0
BRDA:273,32,1,0
BRDA:280,33,0,0
BRDA:280,33,1,0
BRDA:288,34,0,0
BRDA:288,34,1,0
BRDA:297,35,0,0
BRDA:297,35,1,0
BRDA:306,36,0,0
BRDA:306,36,1,0
BRF:74
BRH:14
end_of_record
TN:
SF:model\organisation.js
FN:5,(anonymous_0)
FN:6,(anonymous_1)
FN:13,(anonymous_2)
FN:14,(anonymous_3)
FN:20,(anonymous_4)
FN:21,(anonymous_5)
FN:27,(anonymous_6)
FN:28,(anonymous_7)
FN:32,(anonymous_8)
FN:43,(anonymous_9)
FN:44,(anonymous_10)
FN:50,(anonymous_11)
FN:51,(anonymous_12)
FN:55,(anonymous_13)
FN:66,(anonymous_14)
FN:67,(anonymous_15)
FN:74,(anonymous_16)
FN:75,(anonymous_17)
FN:79,(anonymous_18)
FN:90,(anonymous_19)
FN:91,(anonymous_20)
FN:99,(anonymous_21)
FN:100,(anonymous_22)
FN:106,(anonymous_23)
FN:107,(anonymous_24)
FN:113,(anonymous_25)
FN:114,(anonymous_26)
FN:120,(anonymous_27)
FN:121,(anonymous_28)
FNF:29
FNH:13
FNDA:3,(anonymous_0)
FNDA:3,(anonymous_1)
FNDA:0,(anonymous_2)
FNDA:0,(anonymous_3)
FNDA:0,(anonymous_4)
FNDA:0,(anonymous_5)
FNDA:1,(anonymous_6)
FNDA:1,(anonymous_7)
FNDA:1,(anonymous_8)
FNDA:0,(anonymous_9)
FNDA:0,(anonymous_10)
FNDA:1,(anonymous_11)
FNDA:1,(anonymous_12)
FNDA:1,(anonymous_13)
FNDA:0,(anonymous_14)
FNDA:0,(anonymous_15)
FNDA:1,(anonymous_16)
FNDA:1,(anonymous_17)
FNDA:1,(anonymous_18)
FNDA:0,(anonymous_19)
FNDA:0,(anonymous_20)
FNDA:0,(anonymous_21)
FNDA:0,(anonymous_22)
FNDA:0,(anonymous_23)
FNDA:0,(anonymous_24)
FNDA:1,(anonymous_25)
FNDA:1,(anonymous_26)
FNDA:0,(anonymous_27)
FNDA:0,(anonymous_28)
DA:1,2
DA:3,2
DA:6,3
DA:8,3
DA:9,3
DA:14,0
DA:15,0
DA:16,0
DA:21,0
DA:22,0
DA:23,0
DA:28,1
DA:29,1
DA:30,1
DA:31,1
DA:32,1
DA:33,1
DA:34,1
DA:44,0
DA:45,0
DA:46,0
DA:51,1
DA:52,1
DA:53,1
DA:54,1
DA:55,1
DA:56,1
DA:57,1
DA:67,0
DA:69,0
DA:70,0
DA:75,1
DA:76,1
DA:77,1
DA:78,1
DA:79,1
DA:80,1
DA:81,1
DA:91,0
DA:92,0
DA:93,0
DA:95,0
DA:100,0
DA:101,0
DA:102,0
DA:107,0
DA:108,0
DA:109,0
DA:114,1
DA:115,1
DA:116,1
DA:121,0
DA:122,0
DA:123,0
DA:125,0
LF:55
LH:29
BRDA:8,0,0,0
BRDA:8,0,1,3
BRDA:15,1,0,0
BRDA:15,1,1,0
BRDA:22,2,0,0
BRDA:22,2,1,0
BRDA:29,3,0,0
BRDA:29,3,1,1
BRDA:33,4,0,0
BRDA:33,4,1,1
BRDA:45,5,0,0
BRDA:45,5,1,0
BRDA:52,6,0,0
BRDA:52,6,1,1
BRDA:56,7,0,0
BRDA:56,7,1,1
BRDA:69,8,0,0
BRDA:69,8,1,0
BRDA:76,9,0,0
BRDA:76,9,1,1
BRDA:80,10,0,0
BRDA:80,10,1,1
BRDA:92,11,0,0
BRDA:92,11,1,0
BRDA:101,12,0,0
BRDA:101,12,1,0
BRDA:108,13,0,0
BRDA:108,13,1,0
BRDA:115,14,0,0
BRDA:115,14,1,1
BRDA:122,15,0,0
BRDA:122,15,1,0
BRF:32
BRH:8
end_of_record
TN:
SF:model\pass.js
FN:4,(anonymous_0)
FN:5,(anonymous_1)
FN:13,(anonymous_2)
FN:14,(anonymous_3)
FNF:4
FNH:4
FNDA:1,(anonymous_0)
FNDA:1,(anonymous_1)
FNDA:1,(anonymous_2)
FNDA:1,(anonymous_3)
DA:1,1
DA:3,1
DA:5,1
DA:7,1
DA:8,1
DA:9,1
DA:14,1
DA:15,1
DA:16,1
DA:17,1
DA:19,1
DA:20,0
LF:12
LH:11
BRDA:17,0,0,1
BRDA:17,0,1,0
BRF:2
BRH:1
end_of_record
TN:
SF:model\recruteur.js
FN:3,(anonymous_0)
FN:4,(anonymous_1)
FN:10,(anonymous_2)
FN:11,(anonymous_3)
FN:16,(anonymous_4)
FN:17,(anonymous_5)
FN:22,(anonymous_6)
FN:23,(anonymous_7)
FN:28,(anonymous_8)
FN:29,(anonymous_9)
FN:34,(anonymous_10)
FN:35,(anonymous_11)
FN:40,(anonymous_12)
FN:41,(anonymous_13)
FN:46,(anonymous_14)
FN:47,(anonymous_15)
FN:52,(anonymous_16)
FN:53,(anonymous_17)
FNF:18
FNH:18
FNDA:1,(anonymous_0)
FNDA:1,(anonymous_1)
FNDA:1,(anonymous_2)
FNDA:1,(anonymous_3)
FNDA:1,(anonymous_4)
FNDA:1,(anonymous_5)
FNDA:1,(anonymous_6)
FNDA:1,(anonymous_7)
FNDA:1,(anonymous_8)
FNDA:1,(anonymous_9)
FNDA:1,(anonymous_10)
FNDA:1,(anonymous_11)
FNDA:1,(anonymous_12)
FNDA:1,(anonymous_13)
FNDA:1,(anonymous_14)
FNDA:1,(anonymous_15)
FNDA:1,(anonymous_16)
FNDA:1,(anonymous_17)
DA:1,1
DA:2,1
DA:4,1
DA:6,1
DA:7,1
DA:11,1
DA:12,1
DA:13,1
DA:17,1
DA:18,1
DA:19,1
DA:23,1
DA:24,1
DA:25,1
DA:29,1
DA:30,1
DA:31,1
DA:35,1
DA:36,1
DA:37,1
DA:41,1
DA:42,1
DA:43,1
DA:47,1
DA:48,1
DA:49,1
DA:53,1
DA:54,1
DA:55,1
LF:29
LH:29
BRDA:6,0,0,0
BRDA:6,0,1,1
BRDA:12,1,0,0
BRDA:12,1,1,1
BRDA:18,2,0,0
BRDA:18,2,1,1
BRDA:24,3,0,0
BRDA:24,3,1,1
BRDA:30,4,0,0
BRDA:30,4,1,1
BRDA:36,5,0,0
BRDA:36,5,1,1
BRDA:42,6,0,0
BRDA:42,6,1,1
BRDA:48,7,0,0
BRDA:48,7,1,1
BRDA:54,8,0,0
BRDA:54,8,1,1
BRF:18
BRH:9
end_of_record
TN:
SF:routes\admin.js
FN:14,(anonymous_0)
FN:15,(anonymous_1)
FN:16,(anonymous_2)
FN:28,(anonymous_3)
FN:32,(anonymous_4)
FN:37,(anonymous_5)
FN:53,(anonymous_6)
FN:58,(anonymous_7)
FN:73,(anonymous_8)
FN:79,(anonymous_9)
FN:91,(anonymous_10)
FN:107,(anonymous_11)
FN:112,(anonymous_12)
FN:125,(anonymous_13)
FN:127,(anonymous_14)
FN:132,(anonymous_15)
FN:134,(anonymous_16)
FN:139,(anonymous_17)
FN:144,(anonymous_18)
FN:160,(anonymous_19)
FN:165,(anonymous_20)
FN:181,(anonymous_21)
FN:187,(anonymous_22)
FN:199,(anonymous_23)
FN:215,(anonymous_24)
FN:220,(anonymous_25)
FN:236,(anonymous_26)
FN:239,(anonymous_27)
FN:244,(anonymous_28)
FN:254,(anonymous_29)
FN:262,(anonymous_30)
FN:265,(anonymous_31)
FN:268,(anonymous_32)
FN:271,(anonymous_33)
FN:278,(anonymous_34)
FN:281,(anonymous_35)
FN:284,(anonymous_36)
FN:293,(anonymous_37)
FN:295,(anonymous_38)
FN:301,(anonymous_39)
FN:305,(anonymous_40)
FN:310,(anonymous_41)
FN:326,(anonymous_42)
FN:331,(anonymous_43)
FN:358,(anonymous_44)
FN:364,(anonymous_45)
FN:381,(anonymous_46)
FN:382,(anonymous_47)
FN:389,(anonymous_48)
FN:394,(anonymous_49)
FN:410,(anonymous_50)
FN:416,(anonymous_51)
FN:431,(anonymous_52)
FN:443,(anonymous_53)
FN:459,(anonymous_54)
FN:461,(anonymous_55)
FN:466,(anonymous_56)
FN:468,(anonymous_57)
FN:473,(anonymous_58)
FN:488,(anonymous_59)
FN:491,(anonymous_60)
FN:499,(anonymous_61)
FN:501,(anonymous_62)
FN:506,(anonymous_63)
FN:509,(anonymous_64)
FN:523,(anonymous_65)
FN:527,(anonymous_66)
FN:542,(anonymous_67)
FN:546,(anonymous_68)
FN:561,(anonymous_69)
FN:565,(anonymous_70)
FN:580,(anonymous_71)
FN:582,(anonymous_72)
FN:587,(anonymous_73)
FN:599,(anonymous_74)
FN:602,(anonymous_75)
FN:610,(anonymous_76)
FN:612,(anonymous_77)
FN:617,(anonymous_78)
FN:619,(anonymous_79)
FNF:80
FNH:26
FNDA:0,(anonymous_0)
FNDA:0,(anonymous_1)
FNDA:0,(anonymous_2)
FNDA:1,(anonymous_3)
FNDA:0,(anonymous_4)
FNDA:0,(anonymous_5)
FNDA:0,(anonymous_6)
FNDA:0,(anonymous_7)
FNDA:0,(anonymous_8)
FNDA:0,(anonymous_9)
FNDA:0,(anonymous_10)
FNDA:0,(anonymous_11)
FNDA:0,(anonymous_12)
FNDA:0,(anonymous_13)
FNDA:0,(anonymous_14)
FNDA:0,(anonymous_15)
FNDA:0,(anonymous_16)
FNDA:0,(anonymous_17)
FNDA:0,(anonymous_18)
FNDA:0,(anonymous_19)
FNDA:0,(anonymous_20)
FNDA:0,(anonymous_21)
FNDA:0,(anonymous_22)
FNDA:0,(anonymous_23)
FNDA:0,(anonymous_24)
FNDA:0,(anonymous_25)
FNDA:0,(anonymous_26)
FNDA:0,(anonymous_27)
FNDA:0,(anonymous_28)
FNDA:0,(anonymous_29)
FNDA:0,(anonymous_30)
FNDA:0,(anonymous_31)
FNDA:0,(anonymous_32)
FNDA:0,(anonymous_33)
FNDA:0,(anonymous_34)
FNDA:0,(anonymous_35)
FNDA:0,(anonymous_36)
FNDA:0,(anonymous_37)
FNDA:0,(anonymous_38)
FNDA:1,(anonymous_39)
FNDA:1,(anonymous_40)
FNDA:1,(anonymous_41)
FNDA:2,(anonymous_42)
FNDA:2,(anonymous_43)
FNDA:0,(anonymous_44)
FNDA:0,(anonymous_45)
FNDA:0,(anonymous_46)
FNDA:0,(anonymous_47)
FNDA:1,(anonymous_48)
FNDA:1,(anonymous_49)
FNDA:1,(anonymous_50)
FNDA:0,(anonymous_51)
FNDA:1,(anonymous_52)
FNDA:0,(anonymous_53)
FNDA:1,(anonymous_54)
FNDA:1,(anonymous_55)
FNDA:1,(anonymous_56)
FNDA:1,(anonymous_57)
FNDA:0,(anonymous_58)
FNDA:0,(anonymous_59)
FNDA:0,(anonymous_60)
FNDA:0,(anonymous_61)
FNDA:0,(anonymous_62)
FNDA:1,(anonymous_63)
FNDA:1,(anonymous_64)
FNDA:1,(anonymous_65)
FNDA:1,(anonymous_66)
FNDA:1,(anonymous_67)
FNDA:1,(anonymous_68)
FNDA:1,(anonymous_69)
FNDA:1,(anonymous_70)
FNDA:1,(anonymous_71)
FNDA:1,(anonymous_72)
FNDA:0,(anonymous_73)
FNDA:0,(anonymous_74)
FNDA:0,(anonymous_75)
FNDA:0,(anonymous_76)
FNDA:0,(anonymous_77)
FNDA:1,(anonymous_78)
FNDA:1,(anonymous_79)
DA:1,1
DA:2,1
DA:3,1
DA:4,1
DA:5,1
DA:6,1
DA:7,1
DA:8,1
DA:9,1
DA:10,1
DA:11,1
DA:13,1
DA:14,0
DA:16,0
DA:17,0
DA:18,0
DA:19,0
DA:20,0
DA:21,0
DA:25,1
DA:28,1
DA:29,1
DA:32,1
DA:33,0
DA:34,0
DA:35,0
DA:36,0
DA:37,0
DA:38,0
DA:39,0
DA:40,0
DA:53,1
DA:54,0
DA:55,0
DA:56,0
DA:57,0
DA:58,0
DA:59,0
DA:60,0
DA:73,1
DA:74,0
DA:75,0
DA:76,0
DA:77,0
DA:78,0
DA:79,0
DA:80,0
DA:90,0
DA:91,0
DA:92,0
DA:107,1
DA:108,0
DA:109,0
DA:110,0
DA:111,0
DA:112,0
DA:113,0
DA:125,1
DA:126,0
DA:127,0
DA:128,0
DA:132,1
DA:133,0
DA:134,0
DA:135,0
DA:139,1
DA:140,0
DA:141,0
DA:142,0
DA:143,0
DA:144,0
DA:145,0
DA:146,0
DA:147,0
DA:160,1
DA:161,0
DA:162,0
DA:163,0
DA:164,0
DA:165,0
DA:166,0
DA:167,0
DA:168,0
DA:181,1
DA:182,0
DA:183,0
DA:184,0
DA:185,0
DA:186,0
DA:187,0
DA:188,0
DA:198,0
DA:199,0
DA:200,0
DA:215,1
DA:216,0
DA:217,0
DA:218,0
DA:219,0
DA:220,0
DA:221,0
DA:222,0
DA:223,0
DA:236,1
DA:237,0
DA:238,0
DA:239,0
DA:240,0
DA:244,1
DA:245,0
DA:246,0
DA:248,0
DA:254,1
DA:255,0
DA:256,0
DA:257,0
DA:258,0
DA:261,0
DA:262,0
DA:263,0
DA:265,0
DA:266,0
DA:267,0
DA:268,0
DA:269,0
DA:271,0
DA:272,0
DA:278,1
DA:279,0
DA:280,0
DA:281,0
DA:282,0
DA:283,0
DA:284,0
DA:285,0
DA:288,0
DA:293,1
DA:294,0
DA:295,0
DA:296,0
DA:301,1
DA:302,1
DA:305,1
DA:306,1
DA:307,1
DA:308,1
DA:309,1
DA:310,1
DA:311,1
DA:312,1
DA:313,1
DA:326,1
DA:327,2
DA:328,2
DA:329,2
DA:330,2
DA:331,2
DA:332,2
DA:333,2
DA:334,2
DA:358,1
DA:359,0
DA:360,0
DA:361,0
DA:362,0
DA:363,0
DA:364,0
DA:365,0
DA:366,0
DA:367,0
DA:381,1
DA:382,0
DA:383,0
DA:384,0
DA:389,1
DA:390,1
DA:391,1
DA:392,1
DA:393,1
DA:394,1
DA:395,1
DA:396,1
DA:397,1
DA:410,1
DA:411,1
DA:412,1
DA:413,1
DA:414,1
DA:415,1
DA:416,0
DA:417,0
DA:418,0
DA:419,0
DA:430,1
DA:431,1
DA:432,1
DA:443,0
DA:444,0
DA:459,1
DA:460,1
DA:461,1
DA:462,1
DA:466,1
DA:467,1
DA:468,1
DA:469,1
DA:473,1
DA:474,0
DA:475,0
DA:476,0
DA:477,0
DA:478,0
DA:479,0
DA:480,0
DA:481,0
DA:482,0
DA:483,0
DA:484,0
DA:485,0
DA:486,0
DA:487,0
DA:488,0
DA:489,0
DA:491,0
DA:492,0
DA:496,0
DA:499,1
DA:500,0
DA:501,0
DA:502,0
DA:503,0
DA:506,1
DA:507,1
DA:508,1
DA:509,1
DA:510,1
DA:511,1
DA:512,1
DA:523,1
DA:524,1
DA:525,1
DA:526,1
DA:527,1
DA:528,1
DA:529,1
DA:530,1
DA:542,1
DA:543,1
DA:544,1
DA:545,1
DA:546,1
DA:547,1
DA:548,1
DA:549,1
DA:561,1
DA:562,1
DA:563,1
DA:564,1
DA:565,1
DA:566,1
DA:567,1
DA:568,1
DA:580,1
DA:581,1
DA:582,1
DA:583,1
DA:587,1
DA:588,0
DA:589,0
DA:590,0
DA:591,0
DA:592,0
DA:593,0
DA:594,0
DA:595,0
DA:596,0
DA:597,0
DA:598,0
DA:599,0
DA:600,0
DA:602,0
DA:603,0
DA:607,0
DA:610,1
DA:611,0
DA:612,0
DA:613,0
DA:614,0
DA:617,1
DA:618,1
DA:619,1
DA:620,1
DA:624,1
LF:293
LH:122
BRDA:17,0,0,0
BRDA:17,0,1,0
BRDA:35,1,0,0
BRDA:35,1,1,0
BRDA:36,2,0,0
BRDA:36,2,1,0
BRDA:48,3,0,0
BRDA:48,3,1,0
BRDA:56,4,0,0
BRDA:56,4,1,0
BRDA:57,5,0,0
BRDA:57,5,1,0
BRDA:59,6,0,0
BRDA:59,6,1,0
BRDA:68,7,0,0
BRDA:68,7,1,0
BRDA:76,8,0,0
BRDA:76,8,1,0
BRDA:77,9,0,0
BRDA:77,9,1,0
BRDA:78,10,0,0
BRDA:78,10,1,0
BRDA:88,11,0,0
BRDA:88,11,1,0
BRDA:90,12,0,0
BRDA:90,12,1,0
BRDA:100,13,0,0
BRDA:100,13,1,0
BRDA:110,14,0,0
BRDA:110,14,1,0
BRDA:111,15,0,0
BRDA:111,15,1,0
BRDA:121,16,0,0
BRDA:121,16,1,0
BRDA:142,17,0,0
BRDA:142,17,1,0
BRDA:143,18,0,0
BRDA:143,18,1,0
BRDA:155,19,0,0
BRDA:155,19,1,0
BRDA:163,20,0,0
BRDA:163,20,1,0
BRDA:164,21,0,0
BRDA:164,21,1,0
BRDA:176,22,0,0
BRDA:176,22,1,0
BRDA:184,23,0,0
BRDA:184,23,1,0
BRDA:185,24,0,0
BRDA:185,24,1,0
BRDA:186,25,0,0
BRDA:186,25,1,0
BRDA:196,26,0,0
BRDA:196,26,1,0
BRDA:198,27,0,0
BRDA:198,27,1,0
BRDA:208,28,0,0
BRDA:208,28,1,0
BRDA:218,29,0,0
BRDA:218,29,1,0
BRDA:219,30,0,0
BRDA:219,30,1,0
BRDA:231,31,0,0
BRDA:231,31,1,0
BRDA:257,32,0,0
BRDA:257,32,1,0
BRDA:263,33,0,0
BRDA:263,33,1,0
BRDA:269,34,0,0
BRDA:269,34,1,0
BRDA:283,35,0,0
BRDA:283,35,1,0
BRDA:308,36,0,1
BRDA:308,36,1,0
BRDA:309,37,0,1
BRDA:309,37,1,0
BRDA:321,38,0,1
BRDA:321,38,1,0
BRDA:329,39,0,2
BRDA:329,39,1,0
BRDA:330,40,0,2
BRDA:330,40,1,0
BRDA:342,41,0,2
BRDA:342,41,1,0
BRDA:362,42,0,0
BRDA:362,42,1,0
BRDA:363,43,0,0
BRDA:363,43,1,0
BRDA:376,44,0,0
BRDA:376,44,1,0
BRDA:392,45,0,1
BRDA:392,45,1,0
BRDA:393,46,0,1
BRDA:393,46,1,0
BRDA:405,47,0,1
BRDA:405,47,1,0
BRDA:413,48,0,1
BRDA:413,48,1,0
BRDA:414,49,0,1
BRDA:414,49,1,0
BRDA:415,50,0,0
BRDA:415,50,1,1
BRDA:427,51,0,0
BRDA:427,51,1,0
BRDA:430,52,0,1
BRDA:430,52,1,0
BRDA:440,53,0,1
BRDA:440,53,1,0
BRDA:452,54,0,0
BRDA:452,54,1,0
BRDA:487,55,0,0
BRDA:487,55,1,0
BRDA:489,56,0,0
BRDA:489,56,1,0
BRDA:492,57,0,0
BRDA:492,57,1,0
BRDA:502,58,0,0
BRDA:502,58,1,0
BRDA:507,59,0,1
BRDA:507,59,1,0
BRDA:508,60,0,1
BRDA:508,60,1,0
BRDA:518,61,0,1
BRDA:518,61,1,0
BRDA:525,62,0,1
BRDA:525,62,1,0
BRDA:526,63,0,1
BRDA:526,63,1,0
BRDA:537,64,0,1
BRDA:537,64,1,0
BRDA:544,65,0,1
BRDA:544,65,1,0
BRDA:545,66,0,1
BRDA:545,66,1,0
BRDA:556,67,0,1
BRDA:556,67,1,0
BRDA:563,68,0,1
BRDA:563,68,1,0
BRDA:564,69,0,1
BRDA:564,69,1,0
BRDA:575,70,0,1
BRDA:575,70,1,0
BRDA:598,71,0,0
BRDA:598,71,1,0
BRDA:600,72,0,0
BRDA:600,72,1,0
BRDA:603,73,0,0
BRDA:603,73,1,0
BRDA:613,74,0,0
BRDA:613,74,1,0
BRF:150
BRH:26
end_of_record
TN:
SF:routes\api.js
FN:7,(anonymous_0)
FN:8,(anonymous_1)
FN:13,(anonymous_2)
FN:15,(anonymous_3)
FN:20,(anonymous_4)
FNF:5
FNH:0
FNDA:0,(anonymous_0)
FNDA:0,(anonymous_1)
FNDA:0,(anonymous_2)
FNDA:0,(anonymous_3)
FNDA:0,(anonymous_4)
DA:1,1
DA:2,1
DA:3,1
DA:4,1
DA:5,1
DA:7,1
DA:8,0
DA:9,0
DA:13,1
DA:14,0
DA:15,0
DA:16,0
DA:20,1
DA:22,0
DA:37,1
LF:15
LH:9
BRF:0
BRH:0
end_of_record
TN:
SF:routes\candidat.js
FN:13,(anonymous_0)
FN:14,(anonymous_1)
FN:15,(anonymous_2)
FN:28,(anonymous_3)
FN:33,(anonymous_4)
FN:37,(anonymous_5)
FN:38,(anonymous_6)
FN:43,(anonymous_7)
FN:47,(anonymous_8)
FN:49,(anonymous_9)
FN:52,(anonymous_10)
FN:60,(anonymous_11)
FN:62,(anonymous_12)
FN:67,(anonymous_13)
FN:78,(anonymous_14)
FN:83,(anonymous_15)
FN:99,(anonymous_16)
FN:104,(anonymous_17)
FN:119,(anonymous_18)
FN:125,(anonymous_19)
FN:137,(anonymous_20)
FN:153,(anonymous_21)
FN:158,(anonymous_22)
FN:173,(anonymous_23)
FN:178,(anonymous_24)
FN:194,(anonymous_25)
FN:199,(anonymous_26)
FN:215,(anonymous_27)
FN:221,(anonymous_28)
FN:233,(anonymous_29)
FN:249,(anonymous_30)
FN:254,(anonymous_31)
FN:272,(anonymous_32)
FN:275,(anonymous_33)
FN:280,(anonymous_34)
FN:282,(anonymous_35)
FN:287,(anonymous_36)
FN:298,(anonymous_37)
FN:306,(anonymous_38)
FN:309,(anonymous_39)
FN:312,(anonymous_40)
FN:315,(anonymous_41)
FN:322,(anonymous_42)
FN:325,(anonymous_43)
FN:328,(anonymous_44)
FN:337,(anonymous_45)
FN:339,(anonymous_46)
FNF:47
FNH:22
FNDA:0,(anonymous_0)
FNDA:0,(anonymous_1)
FNDA:0,(anonymous_2)
FNDA:1,(anonymous_3)
FNDA:1,(anonymous_4)
FNDA:0,(anonymous_5)
FNDA:0,(anonymous_6)
FNDA:0,(anonymous_7)
FNDA:1,(anonymous_8)
FNDA:1,(anonymous_9)
FNDA:1,(anonymous_10)
FNDA:1,(anonymous_11)
FNDA:1,(anonymous_12)
FNDA:0,(anonymous_13)
FNDA:1,(anonymous_14)
FNDA:1,(anonymous_15)
FNDA:2,(anonymous_16)
FNDA:2,(anonymous_17)
FNDA:2,(anonymous_18)
FNDA:1,(anonymous_19)
FNDA:1,(anonymous_20)
FNDA:1,(anonymous_21)
FNDA:1,(anonymous_22)
FNDA:0,(anonymous_23)
FNDA:0,(anonymous_24)
FNDA:0,(anonymous_25)
FNDA:0,(anonymous_26)
FNDA:0,(anonymous_27)
FNDA:0,(anonymous_28)
FNDA:0,(anonymous_29)
FNDA:0,(anonymous_30)
FNDA:0,(anonymous_31)
FNDA:1,(anonymous_32)
FNDA:1,(anonymous_33)
FNDA:1,(anonymous_34)
FNDA:1,(anonymous_35)
FNDA:0,(anonymous_36)
FNDA:0,(anonymous_37)
FNDA:0,(anonymous_38)
FNDA:0,(anonymous_39)
FNDA:0,(anonymous_40)
FNDA:0,(anonymous_41)
FNDA:0,(anonymous_42)
FNDA:0,(anonymous_43)
FNDA:0,(anonymous_44)
FNDA:1,(anonymous_45)
FNDA:1,(anonymous_46)
DA:1,1
DA:2,1
DA:3,1
DA:4,1
DA:5,1
DA:6,1
DA:7,1
DA:8,1
DA:9,1
DA:12,1
DA:13,0
DA:15,0
DA:16,0
DA:17,0
DA:18,0
DA:19,0
DA:20,0
DA:24,1
DA:28,1
DA:29,1
DA:33,1
DA:34,1
DA:37,1
DA:38,0
DA:39,0
DA:43,1
DA:44,0
DA:47,1
DA:48,1
DA:49,1
DA:50,1
DA:51,1
DA:52,1
DA:53,1
DA:55,0
DA:60,1
DA:61,1
DA:62,1
DA:63,1
DA:64,0
DA:65,0
DA:66,0
DA:67,0
DA:68,0
DA:69,0
DA:72,1
DA:78,1
DA:79,1
DA:80,1
DA:81,1
DA:82,1
DA:83,1
DA:84,1
DA:85,1
DA:86,1
DA:99,1
DA:100,2
DA:101,2
DA:102,2
DA:103,2
DA:104,2
DA:105,2
DA:106,2
DA:119,1
DA:120,2
DA:121,2
DA:122,2
DA:123,2
DA:124,2
DA:125,1
DA:126,1
DA:136,1
DA:137,1
DA:138,1
DA:153,1
DA:154,1
DA:155,1
DA:156,1
DA:157,1
DA:158,1
DA:159,1
DA:173,1
DA:174,0
DA:175,0
DA:176,0
DA:177,0
DA:178,0
DA:179,0
DA:180,0
DA:181,0
DA:194,1
DA:195,0
DA:196,0
DA:197,0
DA:198,0
DA:199,0
DA:200,0
DA:201,0
DA:202,0
DA:215,1
DA:216,0
DA:217,0
DA:218,0
DA:219,0
DA:220,0
DA:221,0
DA:222,0
DA:232,0
DA:233,0
DA:234,0
DA:249,1
DA:250,0
DA:251,0
DA:252,0
DA:253,0
DA:254,0
DA:255,0
DA:256,0
DA:257,0
DA:272,1
DA:273,1
DA:274,1
DA:275,1
DA:276,1
DA:280,1
DA:281,1
DA:282,1
DA:283,1
DA:287,1
DA:288,0
DA:289,0
DA:291,0
DA:298,1
DA:299,0
DA:300,0
DA:301,0
DA:302,0
DA:305,0
DA:306,0
DA:307,0
DA:309,0
DA:310,0
DA:311,0
DA:312,0
DA:313,0
DA:315,0
DA:316,0
DA:322,1
DA:323,0
DA:324,0
DA:325,0
DA:326,0
DA:327,0
DA:328,0
DA:329,0
DA:332,0
DA:337,1
DA:338,1
DA:339,1
DA:340,1
DA:344,1
LF:161
LH:85
BRDA:16,0,0,0
BRDA:16,0,1,0
BRDA:50,1,0,1
BRDA:50,1,1,0
BRDA:52,2,0,0
BRDA:52,2,1,1
BRDA:63,3,0,0
BRDA:63,3,1,1
BRDA:68,4,0,0
BRDA:68,4,1,0
BRDA:81,5,0,1
BRDA:81,5,1,0
BRDA:82,6,0,1
BRDA:82,6,1,0
BRDA:94,7,0,1
BRDA:94,7,1,0
BRDA:102,8,0,2
BRDA:102,8,1,0
BRDA:103,9,0,2
BRDA:103,9,1,0
BRDA:105,10,0,2
BRDA:105,10,1,0
BRDA:114,11,0,2
BRDA:114,11,1,0
BRDA:122,12,0,2
BRDA:122,12,1,0
BRDA:123,13,0,2
BRDA:123,13,1,0
BRDA:124,14,0,1
BRDA:124,14,1,1
BRDA:134,15,0,1
BRDA:134,15,1,0
BRDA:136,16,0,1
BRDA:136,16,1,0
BRDA:146,17,0,1
BRDA:146,17,1,0
BRDA:156,18,0,1
BRDA:156,18,1,0
BRDA:157,19,0,1
BRDA:157,19,1,0
BRDA:167,20,0,1
BRDA:167,20,1,0
BRDA:176,21,0,0
BRDA:176,21,1,0
BRDA:177,22,0,0
BRDA:177,22,1,0
BRDA:189,23,0,0
BRDA:189,23,1,0
BRDA:197,24,0,0
BRDA:197,24,1,0
BRDA:198,25,0,0
BRDA:198,25,1,0
BRDA:210,26,0,0
BRDA:210,26,1,0
BRDA:218,27,0,0
BRDA:218,27,1,0
BRDA:219,28,0,0
BRDA:219,28,1,0
BRDA:220,29,0,0
BRDA:220,29,1,0
BRDA:230,30,0,0
BRDA:230,30,1,0
BRDA:232,31,0,0
BRDA:232,31,1,0
BRDA:242,32,0,0
BRDA:242,32,1,0
BRDA:252,33,0,0
BRDA:252,33,1,0
BRDA:253,34,0,0
BRDA:253,34,1,0
BRDA:265,35,0,0
BRDA:265,35,1,0
BRDA:301,36,0,0
BRDA:301,36,1,0
BRDA:307,37,0,0
BRDA:307,37,1,0
BRDA:313,38,0,0
BRDA:313,38,1,0
BRDA:327,39,0,0
BRDA:327,39,1,0
BRF:80
BRH:20
end_of_record
TN:
SF:routes\index.js
FN:8,(anonymous_0)
FN:12,(anonymous_1)
FN:16,(anonymous_2)
FN:28,(anonymous_3)
FN:29,(anonymous_4)
FN:35,(anonymous_5)
FN:42,(anonymous_6)
FN:48,(anonymous_7)
FN:53,(anonymous_8)
FN:104,(anonymous_9)
FN:107,(anonymous_10)
FN:110,(anonymous_11)
FNF:12
FNH:9
FNDA:1,(anonymous_0)
FNDA:1,(anonymous_1)
FNDA:1,(anonymous_2)
FNDA:0,(anonymous_3)
FNDA:0,(anonymous_4)
FNDA:1,(anonymous_5)
FNDA:1,(anonymous_6)
FNDA:1,(anonymous_7)
FNDA:1,(anonymous_8)
FNDA:1,(anonymous_9)
FNDA:1,(anonymous_10)
FNDA:0,(anonymous_11)
DA:1,1
DA:2,1
DA:3,1
DA:4,1
DA:5,1
DA:8,1
DA:9,1
DA:12,1
DA:13,1
DA:16,1
DA:17,1
DA:28,1
DA:29,0
DA:30,0
DA:35,1
DA:36,1
DA:37,1
DA:38,1
DA:39,1
DA:40,1
DA:42,1
DA:45,1
DA:48,1
DA:49,1
DA:50,1
DA:53,1
DA:54,1
DA:55,1
DA:104,1
DA:105,1
DA:106,1
DA:107,1
DA:108,1
DA:109,0
DA:110,0
DA:111,0
DA:112,0
DA:113,0
DA:114,0
DA:115,0
DA:116,0
DA:117,0
DA:118,0
DA:119,0
DA:120,0
DA:121,0
DA:122,0
DA:124,0
DA:126,0
DA:128,0
DA:134,1
LF:51
LH:32
BRDA:54,0,0,0
BRDA:54,0,1,1
BRDA:108,1,0,1
BRDA:108,1,1,0
BRDA:113,2,0,0
BRDA:113,2,1,0
BRDA:114,3,0,0
BRDA:114,3,1,0
BRDA:119,4,0,0
BRDA:119,4,1,0
BRDA:121,5,0,0
BRDA:121,5,1,0
BRF:12
BRH:2
end_of_record
TN:
SF:routes\recruiter.js
FN:13,(anonymous_0)
FN:14,(anonymous_1)
FN:15,(anonymous_2)
FN:27,(anonymous_3)
FN:31,(anonymous_4)
FN:36,(anonymous_5)
FN:52,(anonymous_6)
FN:57,(anonymous_7)
FN:72,(anonymous_8)
FN:78,(anonymous_9)
FN:90,(anonymous_10)
FN:106,(anonymous_11)
FN:111,(anonymous_12)
FN:124,(anonymous_13)
FN:126,(anonymous_14)
FN:131,(anonymous_15)
FN:133,(anonymous_16)
FN:138,(anonymous_17)
FN:143,(anonymous_18)
FN:159,(anonymous_19)
FN:164,(anonymous_20)
FN:180,(anonymous_21)
FN:186,(anonymous_22)
FN:198,(anonymous_23)
FN:214,(anonymous_24)
FN:219,(anonymous_25)
FN:238,(anonymous_26)
FN:241,(anonymous_27)
FN:246,(anonymous_28)
FN:256,(anonymous_29)
FN:264,(anonymous_30)
FN:267,(anonymous_31)
FN:270,(anonymous_32)
FN:273,(anonymous_33)
FN:280,(anonymous_34)
FN:283,(anonymous_35)
FN:286,(anonymous_36)
FN:295,(anonymous_37)
FN:297,(anonymous_38)
FN:304,(anonymous_39)
FN:308,(anonymous_40)
FN:314,(anonymous_41)
FN:331,(anonymous_42)
FN:337,(anonymous_43)
FN:354,(anonymous_44)
FN:361,(anonymous_45)
FN:374,(anonymous_46)
FN:391,(anonymous_47)
FN:397,(anonymous_48)
FN:414,(anonymous_49)
FN:420,(anonymous_50)
FN:437,(anonymous_51)
FN:441,(anonymous_52)
FN:443,(anonymous_53)
FN:448,(anonymous_54)
FN:463,(anonymous_55)
FN:466,(anonymous_56)
FN:474,(anonymous_57)
FN:476,(anonymous_58)
FN:481,(anonymous_59)
FN:483,(anonymous_60)
FN:488,(anonymous_61)
FN:491,(anonymous_62)
FN:503,(anonymous_63)
FN:508,(anonymous_64)
FN:514,(anonymous_65)
FN:516,(anonymous_66)
FN:518,(anonymous_67)
FN:525,(anonymous_68)
FN:527,(anonymous_69)
FN:529,(anonymous_70)
FNF:71
FNH:7
FNDA:0,(anonymous_0)
FNDA:0,(anonymous_1)
FNDA:0,(anonymous_2)
FNDA:1,(anonymous_3)
FNDA:0,(anonymous_4)
FNDA:0,(anonymous_5)
FNDA:0,(anonymous_6)
FNDA:0,(anonymous_7)
FNDA:0,(anonymous_8)
FNDA:0,(anonymous_9)
FNDA:0,(anonymous_10)
FNDA:0,(anonymous_11)
FNDA:0,(anonymous_12)
FNDA:0,(anonymous_13)
FNDA:0,(anonymous_14)
FNDA:0,(anonymous_15)
FNDA:0,(anonymous_16)
FNDA:0,(anonymous_17)
FNDA:0,(anonymous_18)
FNDA:0,(anonymous_19)
FNDA:0,(anonymous_20)
FNDA:0,(anonymous_21)
FNDA:0,(anonymous_22)
FNDA:0,(anonymous_23)
FNDA:0,(anonymous_24)
FNDA:0,(anonymous_25)
FNDA:0,(anonymous_26)
FNDA:0,(anonymous_27)
FNDA:0,(anonymous_28)
FNDA:0,(anonymous_29)
FNDA:0,(anonymous_30)
FNDA:0,(anonymous_31)
FNDA:0,(anonymous_32)
FNDA:0,(anonymous_33)
FNDA:0,(anonymous_34)
FNDA:0,(anonymous_35)
FNDA:0,(anonymous_36)
FNDA:0,(anonymous_37)
FNDA:0,(anonymous_38)
FNDA:1,(anonymous_39)
FNDA:0,(anonymous_40)
FNDA:0,(anonymous_41)
FNDA:0,(anonymous_42)
FNDA:0,(anonymous_43)
FNDA:0,(anonymous_44)
FNDA:0,(anonymous_45)
FNDA:0,(anonymous_46)
FNDA:0,(anonymous_47)
FNDA:0,(anonymous_48)
FNDA:0,(anonymous_49)
FNDA:0,(anonymous_50)
FNDA:1,(anonymous_51)
FNDA:1,(anonymous_52)
FNDA:1,(anonymous_53)
FNDA:0,(anonymous_54)
FNDA:0,(anonymous_55)
FNDA:0,(anonymous_56)
FNDA:0,(anonymous_57)
FNDA:0,(anonymous_58)
FNDA:1,(anonymous_59)
FNDA:1,(anonymous_60)
FNDA:0,(anonymous_61)
FNDA:0,(anonymous_62)
FNDA:0,(anonymous_63)
FNDA:0,(anonymous_64)
FNDA:0,(anonymous_65)
FNDA:0,(anonymous_66)
FNDA:0,(anonymous_67)
FNDA:0,(anonymous_68)
FNDA:0,(anonymous_69)
FNDA:0,(anonymous_70)
DA:1,1
DA:2,1
DA:3,1
DA:4,1
DA:5,1
DA:6,1
DA:7,1
DA:8,1
DA:9,1
DA:10,1
DA:12,1
DA:13,0
DA:15,0
DA:16,0
DA:17,0
DA:18,0
DA:19,0
DA:20,0
DA:24,1
DA:27,1
DA:28,1
DA:31,1
DA:32,0
DA:33,0
DA:34,0
DA:35,0
DA:36,0
DA:37,0
DA:38,0
DA:39,0
DA:52,1
DA:53,0
DA:54,0
DA:55,0
DA:56,0
DA:57,0
DA:58,0
DA:59,0
DA:72,1
DA:73,0
DA:74,0
DA:75,0
DA:76,0
DA:77,0
DA:78,0
DA:79,0
DA:89,0
DA:90,0
DA:91,0
DA:106,1
DA:107,0
DA:108,0
DA:109,0
DA:110,0
DA:111,0
DA:112,0
DA:124,1
DA:125,0
DA:126,0
DA:127,0
DA:131,1
DA:132,0
DA:133,0
DA:134,0
DA:138,1
DA:139,0
DA:140,0
DA:141,0
DA:142,0
DA:143,0
DA:144,0
DA:145,0
DA:146,0
DA:159,1
DA:160,0
DA:161,0
DA:162,0
DA:163,0
DA:164,0
DA:165,0
DA:166,0
DA:167,0
DA:180,1
DA:181,0
DA:182,0
DA:183,0
DA:184,0
DA:185,0
DA:186,0
DA:187,0
DA:197,0
DA:198,0
DA:199,0
DA:214,1
DA:215,0
DA:216,0
DA:217,0
DA:218,0
DA:219,0
DA:220,0
DA:221,0
DA:222,0
DA:238,1
DA:239,0
DA:240,0
DA:241,0
DA:242,0
DA:246,1
DA:247,0
DA:248,0
DA:250,0
DA:256,1
DA:257,0
DA:258,0
DA:259,0
DA:260,0
DA:263,0
DA:264,0
DA:265,0
DA:267,0
DA:268,0
DA:269,0
DA:270,0
DA:271,0
DA:273,0
DA:274,0
DA:280,1
DA:281,0
DA:282,0
DA:283,0
DA:284,0
DA:285,0
DA:286,0
DA:287,0
DA:290,0
DA:295,1
DA:296,0
DA:297,0
DA:298,0
DA:304,1
DA:305,1
DA:308,1
DA:309,0
DA:310,0
DA:311,0
DA:312,0
DA:313,0
DA:314,0
DA:315,0
DA:316,0
DA:317,0
DA:331,1
DA:332,0
DA:333,0
DA:334,0
DA:335,0
DA:336,0
DA:337,0
DA:338,0
DA:339,0
DA:340,0
DA:354,1
DA:355,0
DA:356,0
DA:357,0
DA:358,0
DA:359,0
DA:360,0
DA:361,0
DA:362,0
DA:373,0
DA:374,0
DA:375,0
DA:391,1
DA:392,0
DA:393,0
DA:394,0
DA:395,0
DA:396,0
DA:397,0
DA:398,0
DA:399,0
DA:400,0
DA:414,1
DA:415,0
DA:416,0
DA:417,0
DA:418,0
DA:419,0
DA:420,0
DA:421,0
DA:422,0
DA:423,0
DA:437,1
DA:438,1
DA:441,1
DA:442,1
DA:443,1
DA:444,1
DA:448,1
DA:449,0
DA:450,0
DA:451,0
DA:452,0
DA:453,0
DA:454,0
DA:455,0
DA:456,0
DA:457,0
DA:458,0
DA:459,0
DA:460,0
DA:461,0
DA:462,0
DA:463,0
DA:464,0
DA:466,0
DA:467,0
DA:471,0
DA:474,1
DA:475,0
DA:476,0
DA:477,0
DA:478,0
DA:481,1
DA:482,1
DA:483,1
DA:484,1
DA:488,1
DA:489,0
DA:490,0
DA:491,0
DA:492,0
DA:503,1
DA:504,0
DA:505,0
DA:506,0
DA:507,0
DA:508,0
DA:509,0
DA:510,0
DA:514,1
DA:515,0
DA:516,0
DA:517,0
DA:518,0
DA:519,0
DA:521,0
DA:525,1
DA:526,0
DA:527,0
DA:528,0
DA:529,0
DA:530,0
DA:532,0
DA:536,1
LF:256
LH:53
BRDA:16,0,0,0
BRDA:16,0,1,0
BRDA:34,1,0,0
BRDA:34,1,1,0
BRDA:35,2,0,0
BRDA:35,2,1,0
BRDA:47,3,0,0
BRDA:47,3,1,0
BRDA:55,4,0,0
BRDA:55,4,1,0
BRDA:56,5,0,0
BRDA:56,5,1,0
BRDA:58,6,0,0
BRDA:58,6,1,0
BRDA:67,7,0,0
BRDA:67,7,1,0
BRDA:75,8,0,0
BRDA:75,8,1,0
BRDA:76,9,0,0
BRDA:76,9,1,0
BRDA:77,10,0,0
BRDA:77,10,1,0
BRDA:87,11,0,0
BRDA:87,11,1,0
BRDA:89,12,0,0
BRDA:89,12,1,0
BRDA:99,13,0,0
BRDA:99,13,1,0
BRDA:109,14,0,0
BRDA:109,14,1,0
BRDA:110,15,0,0
BRDA:110,15,1,0
BRDA:120,16,0,0
BRDA:120,16,1,0
BRDA:141,17,0,0
BRDA:141,17,1,0
BRDA:142,18,0,0
BRDA:142,18,1,0
BRDA:154,19,0,0
BRDA:154,19,1,0
BRDA:162,20,0,0
BRDA:162,20,1,0
BRDA:163,21,0,0
BRDA:163,21,1,0
BRDA:175,22,0,0
BRDA:175,22,1,0
BRDA:183,23,0,0
BRDA:183,23,1,0
BRDA:184,24,0,0
BRDA:184,24,1,0
BRDA:185,25,0,0
BRDA:185,25,1,0
BRDA:195,26,0,0
BRDA:195,26,1,0
BRDA:197,27,0,0
BRDA:197,27,1,0
BRDA:207,28,0,0
BRDA:207,28,1,0
BRDA:217,29,0,0
BRDA:217,29,1,0
BRDA:218,30,0,0
BRDA:218,30,1,0
BRDA:230,31,0,0
BRDA:230,31,1,0
BRDA:259,32,0,0
BRDA:259,32,1,0
BRDA:265,33,0,0
BRDA:265,33,1,0
BRDA:271,34,0,0
BRDA:271,34,1,0
BRDA:285,35,0,0
BRDA:285,35,1,0
BRDA:312,36,0,0
BRDA:312,36,1,0
BRDA:313,37,0,0
BRDA:313,37,1,0
BRDA:326,38,0,0
BRDA:326,38,1,0
BRDA:335,39,0,0
BRDA:335,39,1,0
BRDA:336,40,0,0
BRDA:336,40,1,0
BRDA:349,41,0,0
BRDA:349,41,1,0
BRDA:358,42,0,0
BRDA:358,42,1,0
BRDA:359,43,0,0
BRDA:359,43,1,0
BRDA:360,44,0,0
BRDA:360,44,1,0
BRDA:371,45,0,0
BRDA:371,45,1,0
BRDA:373,46,0,0
BRDA:373,46,1,0
BRDA:384,47,0,0
BRDA:384,47,1,0
BRDA:395,48,0,0
BRDA:395,48,1,0
BRDA:396,49,0,0
BRDA:396,49,1,0
BRDA:409,50,0,0
BRDA:409,50,1,0
BRDA:418,51,0,0
BRDA:418,51,1,0
BRDA:419,52,0,0
BRDA:419,52,1,0
BRDA:432,53,0,0
BRDA:432,53,1,0
BRDA:462,54,0,0
BRDA:462,54,1,0
BRDA:464,55,0,0
BRDA:464,55,1,0
BRDA:467,56,0,0
BRDA:467,56,1,0
BRDA:477,57,0,0
BRDA:477,57,1,0
BRDA:489,58,0,0
BRDA:489,58,1,0
BRDA:490,59,0,0
BRDA:490,59,1,0
BRDA:498,60,0,0
BRDA:498,60,1,0
BRDA:509,61,0,0
BRDA:509,61,1,0
BRDA:517,62,0,0
BRDA:517,62,1,0
BRDA:519,63,0,0
BRDA:519,63,1,0
BRDA:528,64,0,0
BRDA:528,64,1,0
BRDA:530,65,0,0
BRDA:530,65,1,0
BRF:132
BRH:0
end_of_record
